[ 2017-03-17T10:41:53+08:00 ] 127.0.0.1 /lunblog/
INFO: [ app_init ] --START--
INFO: Run Behavior\BuildLiteBehavior [ RunTime:0.000000s ]
INFO: [ app_init ] --END-- [ RunTime:0.021002s ]
INFO: [ app_begin ] --START--
INFO: Run Behavior\ReadHtmlCacheBehavior [ RunTime:0.015000s ]
INFO: [ app_begin ] --END-- [ RunTime:0.016000s ]
NOTIC: [8] Undefined index: code C:\wamp\www\lunblog\Application\Home\Controller\BaseController.class.php 第 24 行.
NOTIC: [8192] Function eregi() is deprecated C:\wamp\www\lunblog\Application\Common\Common\function.php 第 63 行.
NOTIC: [8192] Function eregi() is deprecated C:\wamp\www\lunblog\Application\Common\Common\function.php 第 65 行.
NOTIC: [8192] Function eregi() is deprecated C:\wamp\www\lunblog\Application\Common\Common\function.php 第 67 行.
NOTIC: [8192] Function ereg() is deprecated C:\wamp\www\lunblog\Application\Common\Common\function.php 第 67 行.
NOTIC: [8192] Function eregi() is deprecated C:\wamp\www\lunblog\Application\Common\Common\function.php 第 69 行.
NOTIC: [8192] Function eregi() is deprecated C:\wamp\www\lunblog\Application\Common\Common\function.php 第 69 行.
NOTIC: [8192] Function eregi() is deprecated C:\wamp\www\lunblog\Application\Common\Common\function.php 第 71 行.
NOTIC: [8192] Function eregi() is deprecated C:\wamp\www\lunblog\Application\Common\Common\function.php 第 71 行.
NOTIC: [8192] Function eregi() is deprecated C:\wamp\www\lunblog\Application\Common\Common\function.php 第 73 行.
NOTIC: [8192] Function eregi() is deprecated C:\wamp\www\lunblog\Application\Common\Common\function.php 第 73 行.
ERR: SQLSTATE[HY000] [1049] Unknown database 'lunhui'

[ 2017-03-17T10:45:25+08:00 ] 127.0.0.1 /lunblog/
INFO: [ app_init ] --START--
INFO: Run Behavior\BuildLiteBehavior [ RunTime:0.000000s ]
INFO: [ app_init ] --END-- [ RunTime:0.001000s ]
INFO: [ app_begin ] --START--
INFO: Run Behavior\ReadHtmlCacheBehavior [ RunTime:0.001000s ]
INFO: [ app_begin ] --END-- [ RunTime:0.001000s ]
NOTIC: [8] Undefined index: code C:\wamp\www\lunblog\Application\Home\Controller\BaseController.class.php 第 24 行.
NOTIC: [8192] Function eregi() is deprecated C:\wamp\www\lunblog\Application\Common\Common\function.php 第 63 行.
NOTIC: [8192] Function eregi() is deprecated C:\wamp\www\lunblog\Application\Common\Common\function.php 第 65 行.
NOTIC: [8192] Function eregi() is deprecated C:\wamp\www\lunblog\Application\Common\Common\function.php 第 67 行.
NOTIC: [8192] Function ereg() is deprecated C:\wamp\www\lunblog\Application\Common\Common\function.php 第 67 行.
NOTIC: [8192] Function eregi() is deprecated C:\wamp\www\lunblog\Application\Common\Common\function.php 第 69 行.
NOTIC: [8192] Function eregi() is deprecated C:\wamp\www\lunblog\Application\Common\Common\function.php 第 69 行.
NOTIC: [8192] Function eregi() is deprecated C:\wamp\www\lunblog\Application\Common\Common\function.php 第 71 行.
NOTIC: [8192] Function eregi() is deprecated C:\wamp\www\lunblog\Application\Common\Common\function.php 第 71 行.
NOTIC: [8192] Function eregi() is deprecated C:\wamp\www\lunblog\Application\Common\Common\function.php 第 73 行.
NOTIC: [8192] Function eregi() is deprecated C:\wamp\www\lunblog\Application\Common\Common\function.php 第 73 行.
SQL: SHOW COLUMNS FROM `web_article` [ RunTime:0.0370s ]
SQL: SELECT `a_keyword`,`a_id`,`create_time` FROM `web_article` WHERE ( a_keyword != '' and a_views > 0 ) ORDER BY create_time desc LIMIT 50   [ RunTime:0.0010s ]
SQL: SHOW COLUMNS FROM `web_carousel_list` [ RunTime:0.0040s ]
SQL: SELECT * FROM `web_carousel_list` WHERE ( img != '' and state > 0 ) ORDER BY orderby  [ RunTime:0.0100s ]
SQL: SHOW COLUMNS FROM `web_article_cate` [ RunTime:0.0040s ]
SQL: SELECT * FROM `web_article_cate`  [ RunTime:0.0000s ]
SQL: SHOW COLUMNS FROM `web_link` [ RunTime:0.0040s ]
SQL: SELECT * FROM `web_link` WHERE ( state = 1 ) ORDER BY orderby  [ RunTime:0.0000s ]
SQL: SHOW COLUMNS FROM `web_liuyan` [ RunTime:0.0040s ]
SQL: SELECT * FROM `web_liuyan` ORDER BY add_time desc LIMIT 4   [ RunTime:0.0000s ]
SQL: SELECT `a_id` FROM `web_article` WHERE ( a_views > 0 )  [ RunTime:0.0000s ]
NOTIC: [2] array_rand(): Second argument has to be between 1 and the number of elements in the array C:\wamp\www\lunblog\Application\Home\Controller\BaseController.class.php 第 84 行.
NOTIC: [8] Undefined index:  C:\wamp\www\lunblog\Application\Home\Controller\BaseController.class.php 第 86 行.
NOTIC: [8] Undefined index:  C:\wamp\www\lunblog\Application\Home\Controller\BaseController.class.php 第 87 行.
NOTIC: [8] Undefined index:  C:\wamp\www\lunblog\Application\Home\Controller\BaseController.class.php 第 88 行.
SQL: SELECT * FROM `web_article` WHERE `a_id` = null LIMIT 1   [ RunTime:0.0000s ]
SQL: SELECT * FROM `web_article` WHERE `a_id` = null LIMIT 1   [ RunTime:0.0000s ]
SQL: SELECT * FROM `web_article` WHERE `a_id` = null LIMIT 1   [ RunTime:0.0000s ]
SQL: SELECT `a_id`,`photo`,`a_title`,`a_remark`,`a_keyword`,`cate_id`,`create_time`,`last_time`,`a_content`,`a_views`,`a_type`,`a_red`,`a_from`,`a_writer`,`create_ip` FROM `web_article` WHERE ( a_views > 0 ) ORDER BY a_views desc LIMIT 12   [ RunTime:0.0000s ]
SQL: SHOW COLUMNS FROM `web_article` [ RunTime:0.0050s ]
SQL: SHOW COLUMNS FROM `web_article_cate` [ RunTime:0.0050s ]
SQL: SELECT * FROM `web_article_cate`  [ RunTime:0.0000s ]
SQL: SELECT COUNT(*) AS tp_count FROM `web_article` LIMIT 1   [ RunTime:0.0000s ]
SQL: SELECT * FROM `web_article` INNER JOIN web_article_cate ON web_article_cate.cate_id = web_article.cate_id  ORDER BY a_id desc LIMIT 0,6   [ RunTime:0.0010s ]
INFO: [ view_parse ] --START--
INFO: [ template_filter ] --START--
INFO: Run Behavior\ContentReplaceBehavior [ RunTime:0.000000s ]
INFO: [ template_filter ] --END-- [ RunTime:0.001000s ]
NOTIC: [8] Undefined variable: v C:\wamp\www\lunblog\Application\Runtime\Cache\Home\2a94b8bda04ff446dcedd42276fc99ee.php 第 168 行.
INFO: Run Behavior\ParseTemplateBehavior [ RunTime:0.249014s ]
INFO: [ view_parse ] --END-- [ RunTime:0.249014s ]
INFO: [ view_filter ] --START--
INFO: Run Behavior\WriteHtmlCacheBehavior [ RunTime:0.032002s ]
INFO: [ view_filter ] --END-- [ RunTime:0.032002s ]
INFO: [ app_end ] --START--
INFO: Run Behavior\ShowPageTraceBehavior [ RunTime:0.026002s ]
INFO: [ app_end ] --END-- [ RunTime:0.026002s ]

[ 2017-03-17T11:34:45+08:00 ] 127.0.0.1 /lunblog/liuyan.html
INFO: [ app_init ] --START--
INFO: Run Behavior\BuildLiteBehavior [ RunTime:0.000000s ]
INFO: [ app_init ] --END-- [ RunTime:0.000000s ]
INFO: [ app_begin ] --START--
INFO: Run Behavior\ReadHtmlCacheBehavior [ RunTime:0.015600s ]
INFO: [ app_begin ] --END-- [ RunTime:0.015600s ]
NOTIC: [8] Undefined index: code C:\wamp\www\lunblog\Application\Home\Controller\BaseController.class.php 第 24 行.
NOTIC: [8192] Function eregi() is deprecated C:\wamp\www\lunblog\Application\Common\Common\function.php 第 63 行.
NOTIC: [8192] Function eregi() is deprecated C:\wamp\www\lunblog\Application\Common\Common\function.php 第 65 行.
NOTIC: [8192] Function eregi() is deprecated C:\wamp\www\lunblog\Application\Common\Common\function.php 第 67 行.
NOTIC: [8192] Function ereg() is deprecated C:\wamp\www\lunblog\Application\Common\Common\function.php 第 67 行.
NOTIC: [8192] Function eregi() is deprecated C:\wamp\www\lunblog\Application\Common\Common\function.php 第 69 行.
NOTIC: [8192] Function eregi() is deprecated C:\wamp\www\lunblog\Application\Common\Common\function.php 第 69 行.
NOTIC: [8192] Function eregi() is deprecated C:\wamp\www\lunblog\Application\Common\Common\function.php 第 71 行.
NOTIC: [8192] Function eregi() is deprecated C:\wamp\www\lunblog\Application\Common\Common\function.php 第 71 行.
NOTIC: [8192] Function eregi() is deprecated C:\wamp\www\lunblog\Application\Common\Common\function.php 第 73 行.
NOTIC: [8192] Function eregi() is deprecated C:\wamp\www\lunblog\Application\Common\Common\function.php 第 73 行.
SQL: SHOW COLUMNS FROM `web_article` [ RunTime:0.3588s ]
SQL: SELECT `a_keyword`,`a_id`,`create_time` FROM `web_article` WHERE ( a_keyword != '' and a_views > 0 ) ORDER BY create_time desc LIMIT 50   [ RunTime:0.0000s ]
SQL: SHOW COLUMNS FROM `web_carousel_list` [ RunTime:0.0624s ]
SQL: SELECT * FROM `web_carousel_list` WHERE ( img != '' and state > 0 ) ORDER BY orderby  [ RunTime:0.0000s ]
SQL: SHOW COLUMNS FROM `web_article_cate` [ RunTime:0.1716s ]
SQL: SELECT * FROM `web_article_cate`  [ RunTime:0.0000s ]
SQL: SHOW COLUMNS FROM `web_link` [ RunTime:0.1092s ]
SQL: SELECT * FROM `web_link` WHERE ( state = 1 ) ORDER BY orderby  [ RunTime:0.0000s ]
SQL: SHOW COLUMNS FROM `web_liuyan` [ RunTime:0.0936s ]
SQL: SELECT * FROM `web_liuyan` ORDER BY add_time desc LIMIT 4   [ RunTime:0.0000s ]
SQL: SELECT `a_id` FROM `web_article` WHERE ( a_views > 0 )  [ RunTime:0.0000s ]
NOTIC: [2] array_rand(): Second argument has to be between 1 and the number of elements in the array C:\wamp\www\lunblog\Application\Home\Controller\BaseController.class.php 第 84 行.
NOTIC: [8] Undefined index:  C:\wamp\www\lunblog\Application\Home\Controller\BaseController.class.php 第 86 行.
NOTIC: [8] Undefined index:  C:\wamp\www\lunblog\Application\Home\Controller\BaseController.class.php 第 87 行.
NOTIC: [8] Undefined index:  C:\wamp\www\lunblog\Application\Home\Controller\BaseController.class.php 第 88 行.
SQL: SELECT * FROM `web_article` WHERE `a_id` = null LIMIT 1   [ RunTime:0.0000s ]
SQL: SELECT * FROM `web_article` WHERE `a_id` = null LIMIT 1   [ RunTime:0.0000s ]
SQL: SELECT * FROM `web_article` WHERE `a_id` = null LIMIT 1   [ RunTime:0.0000s ]
SQL: SELECT `a_id`,`photo`,`a_title`,`a_remark`,`a_keyword`,`cate_id`,`create_time`,`last_time`,`a_content`,`a_views`,`a_type`,`a_red`,`a_from`,`a_writer`,`create_ip` FROM `web_article` WHERE ( a_views > 0 ) ORDER BY a_views desc LIMIT 12   [ RunTime:0.0000s ]
SQL: SHOW COLUMNS FROM `web_liuyan` [ RunTime:0.0312s ]
SQL: SHOW COLUMNS FROM `web_liuyan` [ RunTime:0.0624s ]
SQL: SELECT COUNT(*) AS tp_count FROM `web_liuyan` LIMIT 1   [ RunTime:0.0000s ]
SQL: SELECT * FROM `web_liuyan` ORDER BY id desc LIMIT 0,7   [ RunTime:0.0000s ]
NOTIC: [8] Undefined variable: data C:\wamp\www\lunblog\Application\Common\Common\function.php 第 54 行.
INFO: [ view_parse ] --START--
INFO: [ template_filter ] --START--
INFO: Run Behavior\ContentReplaceBehavior [ RunTime:0.093600s ]
INFO: [ template_filter ] --END-- [ RunTime:0.093600s ]
INFO: Run Behavior\ParseTemplateBehavior [ RunTime:0.535402s ]
INFO: [ view_parse ] --END-- [ RunTime:0.535402s ]
INFO: [ view_filter ] --START--
INFO: Run Behavior\WriteHtmlCacheBehavior [ RunTime:0.031200s ]
INFO: [ view_filter ] --END-- [ RunTime:0.031200s ]

[ 2017-03-17T11:34:46+08:00 ] 127.0.0.1 /lunblog/said.html
INFO: [ app_init ] --START--
INFO: Run Behavior\BuildLiteBehavior [ RunTime:0.000000s ]
INFO: [ app_init ] --END-- [ RunTime:0.000000s ]
INFO: [ app_begin ] --START--
INFO: Run Behavior\ReadHtmlCacheBehavior [ RunTime:0.000000s ]
INFO: [ app_begin ] --END-- [ RunTime:0.000000s ]
NOTIC: [8] Undefined index: code C:\wamp\www\lunblog\Application\Home\Controller\BaseController.class.php 第 24 行.
NOTIC: [8192] Function eregi() is deprecated C:\wamp\www\lunblog\Application\Common\Common\function.php 第 63 行.
NOTIC: [8192] Function eregi() is deprecated C:\wamp\www\lunblog\Application\Common\Common\function.php 第 65 行.
NOTIC: [8192] Function eregi() is deprecated C:\wamp\www\lunblog\Application\Common\Common\function.php 第 67 行.
NOTIC: [8192] Function ereg() is deprecated C:\wamp\www\lunblog\Application\Common\Common\function.php 第 67 行.
NOTIC: [8192] Function eregi() is deprecated C:\wamp\www\lunblog\Application\Common\Common\function.php 第 69 行.
NOTIC: [8192] Function eregi() is deprecated C:\wamp\www\lunblog\Application\Common\Common\function.php 第 69 行.
NOTIC: [8192] Function eregi() is deprecated C:\wamp\www\lunblog\Application\Common\Common\function.php 第 71 行.
NOTIC: [8192] Function eregi() is deprecated C:\wamp\www\lunblog\Application\Common\Common\function.php 第 71 行.
NOTIC: [8192] Function eregi() is deprecated C:\wamp\www\lunblog\Application\Common\Common\function.php 第 73 行.
NOTIC: [8192] Function eregi() is deprecated C:\wamp\www\lunblog\Application\Common\Common\function.php 第 73 行.
SQL: SHOW COLUMNS FROM `web_article` [ RunTime:0.0936s ]
SQL: SELECT `a_keyword`,`a_id`,`create_time` FROM `web_article` WHERE ( a_keyword != '' and a_views > 0 ) ORDER BY create_time desc LIMIT 50   [ RunTime:0.0000s ]
SQL: SHOW COLUMNS FROM `web_carousel_list` [ RunTime:0.0312s ]
SQL: SELECT * FROM `web_carousel_list` WHERE ( img != '' and state > 0 ) ORDER BY orderby  [ RunTime:0.0000s ]
SQL: SHOW COLUMNS FROM `web_article_cate` [ RunTime:0.0000s ]
SQL: SELECT * FROM `web_article_cate`  [ RunTime:0.0000s ]
SQL: SHOW COLUMNS FROM `web_link` [ RunTime:0.0312s ]
SQL: SELECT * FROM `web_link` WHERE ( state = 1 ) ORDER BY orderby  [ RunTime:0.0000s ]
SQL: SHOW COLUMNS FROM `web_liuyan` [ RunTime:0.0156s ]
SQL: SELECT * FROM `web_liuyan` ORDER BY add_time desc LIMIT 4   [ RunTime:0.0156s ]
SQL: SELECT `a_id` FROM `web_article` WHERE ( a_views > 0 )  [ RunTime:0.0000s ]
NOTIC: [2] array_rand(): Second argument has to be between 1 and the number of elements in the array C:\wamp\www\lunblog\Application\Home\Controller\BaseController.class.php 第 84 行.
NOTIC: [8] Undefined index:  C:\wamp\www\lunblog\Application\Home\Controller\BaseController.class.php 第 86 行.
NOTIC: [8] Undefined index:  C:\wamp\www\lunblog\Application\Home\Controller\BaseController.class.php 第 87 行.
NOTIC: [8] Undefined index:  C:\wamp\www\lunblog\Application\Home\Controller\BaseController.class.php 第 88 行.
SQL: SELECT * FROM `web_article` WHERE `a_id` = null LIMIT 1   [ RunTime:0.0000s ]
SQL: SELECT * FROM `web_article` WHERE `a_id` = null LIMIT 1   [ RunTime:0.0000s ]
SQL: SELECT * FROM `web_article` WHERE `a_id` = null LIMIT 1   [ RunTime:0.0000s ]
SQL: SELECT `a_id`,`photo`,`a_title`,`a_remark`,`a_keyword`,`cate_id`,`create_time`,`last_time`,`a_content`,`a_views`,`a_type`,`a_red`,`a_from`,`a_writer`,`create_ip` FROM `web_article` WHERE ( a_views > 0 ) ORDER BY a_views desc LIMIT 12   [ RunTime:0.0000s ]
SQL: SHOW COLUMNS FROM `web_said` [ RunTime:0.0488s ]
SQL: SELECT COUNT(*) AS tp_count FROM `web_said` LIMIT 1   [ RunTime:0.0000s ]
SQL: SELECT * FROM `web_said` WHERE ( s_view !=0 ) ORDER BY create_time desc LIMIT 0,10   [ RunTime:0.0156s ]
NOTIC: [8] Undefined variable: data C:\wamp\www\lunblog\Application\Common\Common\function.php 第 54 行.
NOTIC: [8] Undefined variable: data C:\wamp\www\lunblog\Application\Common\Common\function.php 第 54 行.
NOTIC: [8] Undefined variable: data C:\wamp\www\lunblog\Application\Common\Common\function.php 第 54 行.
NOTIC: [8] Undefined variable: data C:\wamp\www\lunblog\Application\Common\Common\function.php 第 54 行.
NOTIC: [8] Undefined variable: data C:\wamp\www\lunblog\Application\Common\Common\function.php 第 54 行.
NOTIC: [8] Undefined variable: data C:\wamp\www\lunblog\Application\Common\Common\function.php 第 54 行.
NOTIC: [8] Undefined variable: data C:\wamp\www\lunblog\Application\Common\Common\function.php 第 54 行.
NOTIC: [8] Undefined variable: data C:\wamp\www\lunblog\Application\Common\Common\function.php 第 54 行.
NOTIC: [8] Undefined variable: data C:\wamp\www\lunblog\Application\Common\Common\function.php 第 54 行.
NOTIC: [8] Undefined variable: data C:\wamp\www\lunblog\Application\Common\Common\function.php 第 54 行.
INFO: [ view_parse ] --START--
INFO: [ template_filter ] --START--
INFO: Run Behavior\ContentReplaceBehavior [ RunTime:0.000000s ]
INFO: [ template_filter ] --END-- [ RunTime:0.000000s ]
INFO: Run Behavior\ParseTemplateBehavior [ RunTime:0.078000s ]
INFO: [ view_parse ] --END-- [ RunTime:0.078000s ]
INFO: [ view_filter ] --START--
INFO: Run Behavior\WriteHtmlCacheBehavior [ RunTime:0.000000s ]
INFO: [ view_filter ] --END-- [ RunTime:0.000000s ]

[ 2017-03-17T11:34:46+08:00 ] 127.0.0.1 /lunblog/said.html
INFO: [ app_init ] --START--
INFO: Run Behavior\BuildLiteBehavior [ RunTime:0.000000s ]
INFO: [ app_init ] --END-- [ RunTime:0.000000s ]
INFO: [ app_begin ] --START--
INFO: Run Behavior\ReadHtmlCacheBehavior [ RunTime:0.000000s ]
INFO: [ app_begin ] --END-- [ RunTime:0.000000s ]
NOTIC: [8] Undefined index: code C:\wamp\www\lunblog\Application\Home\Controller\BaseController.class.php 第 24 行.
NOTIC: [8192] Function eregi() is deprecated C:\wamp\www\lunblog\Application\Common\Common\function.php 第 63 行.
NOTIC: [8192] Function eregi() is deprecated C:\wamp\www\lunblog\Application\Common\Common\function.php 第 65 行.
NOTIC: [8192] Function eregi() is deprecated C:\wamp\www\lunblog\Application\Common\Common\function.php 第 67 行.
NOTIC: [8192] Function ereg() is deprecated C:\wamp\www\lunblog\Application\Common\Common\function.php 第 67 行.
NOTIC: [8192] Function eregi() is deprecated C:\wamp\www\lunblog\Application\Common\Common\function.php 第 69 行.
NOTIC: [8192] Function eregi() is deprecated C:\wamp\www\lunblog\Application\Common\Common\function.php 第 69 行.
NOTIC: [8192] Function eregi() is deprecated C:\wamp\www\lunblog\Application\Common\Common\function.php 第 71 行.
NOTIC: [8192] Function eregi() is deprecated C:\wamp\www\lunblog\Application\Common\Common\function.php 第 71 行.
NOTIC: [8192] Function eregi() is deprecated C:\wamp\www\lunblog\Application\Common\Common\function.php 第 73 行.
NOTIC: [8192] Function eregi() is deprecated C:\wamp\www\lunblog\Application\Common\Common\function.php 第 73 行.
SQL: SHOW COLUMNS FROM `web_article` [ RunTime:0.0156s ]
SQL: SELECT `a_keyword`,`a_id`,`create_time` FROM `web_article` WHERE ( a_keyword != '' and a_views > 0 ) ORDER BY create_time desc LIMIT 50   [ RunTime:0.0000s ]
SQL: SHOW COLUMNS FROM `web_carousel_list` [ RunTime:0.0156s ]
SQL: SELECT * FROM `web_carousel_list` WHERE ( img != '' and state > 0 ) ORDER BY orderby  [ RunTime:0.0000s ]
SQL: SHOW COLUMNS FROM `web_article_cate` [ RunTime:0.0156s ]
SQL: SELECT * FROM `web_article_cate`  [ RunTime:0.0000s ]
SQL: SHOW COLUMNS FROM `web_link` [ RunTime:0.0000s ]
SQL: SELECT * FROM `web_link` WHERE ( state = 1 ) ORDER BY orderby  [ RunTime:0.0000s ]
SQL: SHOW COLUMNS FROM `web_liuyan` [ RunTime:0.0156s ]
SQL: SELECT * FROM `web_liuyan` ORDER BY add_time desc LIMIT 4   [ RunTime:0.0000s ]
SQL: SELECT `a_id` FROM `web_article` WHERE ( a_views > 0 )  [ RunTime:0.0000s ]
NOTIC: [2] array_rand(): Second argument has to be between 1 and the number of elements in the array C:\wamp\www\lunblog\Application\Home\Controller\BaseController.class.php 第 84 行.
NOTIC: [8] Undefined index:  C:\wamp\www\lunblog\Application\Home\Controller\BaseController.class.php 第 86 行.
NOTIC: [8] Undefined index:  C:\wamp\www\lunblog\Application\Home\Controller\BaseController.class.php 第 87 行.
NOTIC: [8] Undefined index:  C:\wamp\www\lunblog\Application\Home\Controller\BaseController.class.php 第 88 行.
SQL: SELECT * FROM `web_article` WHERE `a_id` = null LIMIT 1   [ RunTime:0.0000s ]
SQL: SELECT * FROM `web_article` WHERE `a_id` = null LIMIT 1   [ RunTime:0.0000s ]
SQL: SELECT * FROM `web_article` WHERE `a_id` = null LIMIT 1   [ RunTime:0.0000s ]
SQL: SELECT `a_id`,`photo`,`a_title`,`a_remark`,`a_keyword`,`cate_id`,`create_time`,`last_time`,`a_content`,`a_views`,`a_type`,`a_red`,`a_from`,`a_writer`,`create_ip` FROM `web_article` WHERE ( a_views > 0 ) ORDER BY a_views desc LIMIT 12   [ RunTime:0.0000s ]
SQL: SHOW COLUMNS FROM `web_said` [ RunTime:0.0156s ]
SQL: SELECT COUNT(*) AS tp_count FROM `web_said` LIMIT 1   [ RunTime:0.0000s ]
SQL: SELECT * FROM `web_said` WHERE ( s_view !=0 ) ORDER BY create_time desc LIMIT 0,10   [ RunTime:0.0000s ]
NOTIC: [8] Undefined variable: data C:\wamp\www\lunblog\Application\Common\Common\function.php 第 54 行.
NOTIC: [8] Undefined variable: data C:\wamp\www\lunblog\Application\Common\Common\function.php 第 54 行.
NOTIC: [8] Undefined variable: data C:\wamp\www\lunblog\Application\Common\Common\function.php 第 54 行.
NOTIC: [8] Undefined variable: data C:\wamp\www\lunblog\Application\Common\Common\function.php 第 54 行.
NOTIC: [8] Undefined variable: data C:\wamp\www\lunblog\Application\Common\Common\function.php 第 54 行.
NOTIC: [8] Undefined variable: data C:\wamp\www\lunblog\Application\Common\Common\function.php 第 54 行.
NOTIC: [8] Undefined variable: data C:\wamp\www\lunblog\Application\Common\Common\function.php 第 54 行.
NOTIC: [8] Undefined variable: data C:\wamp\www\lunblog\Application\Common\Common\function.php 第 54 行.
NOTIC: [8] Undefined variable: data C:\wamp\www\lunblog\Application\Common\Common\function.php 第 54 行.
NOTIC: [8] Undefined variable: data C:\wamp\www\lunblog\Application\Common\Common\function.php 第 54 行.
INFO: [ view_parse ] --START--
INFO: [ template_filter ] --START--
INFO: Run Behavior\ContentReplaceBehavior [ RunTime:0.000000s ]
INFO: [ template_filter ] --END-- [ RunTime:0.000000s ]
INFO: Run Behavior\ParseTemplateBehavior [ RunTime:0.078000s ]
INFO: [ view_parse ] --END-- [ RunTime:0.078000s ]
INFO: [ view_filter ] --START--
INFO: Run Behavior\WriteHtmlCacheBehavior [ RunTime:0.000000s ]
INFO: [ view_filter ] --END-- [ RunTime:0.000000s ]
INFO: [ app_end ] --START--
INFO: Run Behavior\ShowPageTraceBehavior [ RunTime:0.046800s ]
INFO: [ app_end ] --END-- [ RunTime:0.046800s ]

[ 2017-03-17T11:34:53+08:00 ] 127.0.0.1 /lunblog/
INFO: [ app_init ] --START--
INFO: Run Behavior\BuildLiteBehavior [ RunTime:0.000000s ]
INFO: [ app_init ] --END-- [ RunTime:0.000000s ]
INFO: [ app_begin ] --START--
INFO: Run Behavior\ReadHtmlCacheBehavior [ RunTime:0.000000s ]
INFO: [ app_begin ] --END-- [ RunTime:0.000000s ]
NOTIC: [8] Undefined index: code C:\wamp\www\lunblog\Application\Home\Controller\BaseController.class.php 第 24 行.
NOTIC: [8192] Function eregi() is deprecated C:\wamp\www\lunblog\Application\Common\Common\function.php 第 63 行.
NOTIC: [8192] Function eregi() is deprecated C:\wamp\www\lunblog\Application\Common\Common\function.php 第 65 行.
NOTIC: [8192] Function eregi() is deprecated C:\wamp\www\lunblog\Application\Common\Common\function.php 第 67 行.
NOTIC: [8192] Function ereg() is deprecated C:\wamp\www\lunblog\Application\Common\Common\function.php 第 67 行.
NOTIC: [8192] Function eregi() is deprecated C:\wamp\www\lunblog\Application\Common\Common\function.php 第 69 行.
NOTIC: [8192] Function eregi() is deprecated C:\wamp\www\lunblog\Application\Common\Common\function.php 第 69 行.
NOTIC: [8192] Function eregi() is deprecated C:\wamp\www\lunblog\Application\Common\Common\function.php 第 71 行.
NOTIC: [8192] Function eregi() is deprecated C:\wamp\www\lunblog\Application\Common\Common\function.php 第 71 行.
NOTIC: [8192] Function eregi() is deprecated C:\wamp\www\lunblog\Application\Common\Common\function.php 第 73 行.
NOTIC: [8192] Function eregi() is deprecated C:\wamp\www\lunblog\Application\Common\Common\function.php 第 73 行.
SQL: SHOW COLUMNS FROM `web_article` [ RunTime:0.0312s ]
SQL: SELECT `a_keyword`,`a_id`,`create_time` FROM `web_article` WHERE ( a_keyword != '' and a_views > 0 ) ORDER BY create_time desc LIMIT 50   [ RunTime:0.0000s ]
SQL: SHOW COLUMNS FROM `web_carousel_list` [ RunTime:0.0000s ]
SQL: SELECT * FROM `web_carousel_list` WHERE ( img != '' and state > 0 ) ORDER BY orderby  [ RunTime:0.0000s ]
SQL: SHOW COLUMNS FROM `web_article_cate` [ RunTime:0.0156s ]
SQL: SELECT * FROM `web_article_cate`  [ RunTime:0.0000s ]
SQL: SHOW COLUMNS FROM `web_link` [ RunTime:0.0000s ]
SQL: SELECT * FROM `web_link` WHERE ( state = 1 ) ORDER BY orderby  [ RunTime:0.0000s ]
SQL: SHOW COLUMNS FROM `web_liuyan` [ RunTime:0.0000s ]
SQL: SELECT * FROM `web_liuyan` ORDER BY add_time desc LIMIT 4   [ RunTime:0.0000s ]
SQL: SELECT `a_id` FROM `web_article` WHERE ( a_views > 0 )  [ RunTime:0.0000s ]
NOTIC: [2] array_rand(): Second argument has to be between 1 and the number of elements in the array C:\wamp\www\lunblog\Application\Home\Controller\BaseController.class.php 第 84 行.
NOTIC: [8] Undefined index:  C:\wamp\www\lunblog\Application\Home\Controller\BaseController.class.php 第 86 行.
NOTIC: [8] Undefined index:  C:\wamp\www\lunblog\Application\Home\Controller\BaseController.class.php 第 87 行.
NOTIC: [8] Undefined index:  C:\wamp\www\lunblog\Application\Home\Controller\BaseController.class.php 第 88 行.
SQL: SELECT * FROM `web_article` WHERE `a_id` = null LIMIT 1   [ RunTime:0.0000s ]
SQL: SELECT * FROM `web_article` WHERE `a_id` = null LIMIT 1   [ RunTime:0.0000s ]
SQL: SELECT * FROM `web_article` WHERE `a_id` = null LIMIT 1   [ RunTime:0.0000s ]
SQL: SELECT `a_id`,`photo`,`a_title`,`a_remark`,`a_keyword`,`cate_id`,`create_time`,`last_time`,`a_content`,`a_views`,`a_type`,`a_red`,`a_from`,`a_writer`,`create_ip` FROM `web_article` WHERE ( a_views > 0 ) ORDER BY a_views desc LIMIT 12   [ RunTime:0.0000s ]
SQL: SHOW COLUMNS FROM `web_article` [ RunTime:0.0000s ]
SQL: SHOW COLUMNS FROM `web_article_cate` [ RunTime:0.0000s ]
SQL: SELECT * FROM `web_article_cate`  [ RunTime:0.0000s ]
SQL: SELECT COUNT(*) AS tp_count FROM `web_article` LIMIT 1   [ RunTime:0.0156s ]
SQL: SELECT * FROM `web_article` INNER JOIN web_article_cate ON web_article_cate.cate_id = web_article.cate_id  ORDER BY a_id desc LIMIT 0,6   [ RunTime:0.0000s ]
INFO: [ view_parse ] --START--
INFO: [ template_filter ] --START--
INFO: Run Behavior\ContentReplaceBehavior [ RunTime:0.000000s ]
INFO: [ template_filter ] --END-- [ RunTime:0.000000s ]
NOTIC: [8] Undefined variable: v C:\wamp\www\lunblog\Application\Runtime\Cache\Home\2a94b8bda04ff446dcedd42276fc99ee.php 第 168 行.
INFO: Run Behavior\ParseTemplateBehavior [ RunTime:0.078000s ]
INFO: [ view_parse ] --END-- [ RunTime:0.078000s ]
INFO: [ view_filter ] --START--
INFO: Run Behavior\WriteHtmlCacheBehavior [ RunTime:0.000000s ]
INFO: [ view_filter ] --END-- [ RunTime:0.000000s ]
INFO: [ app_end ] --START--
INFO: Run Behavior\ShowPageTraceBehavior [ RunTime:0.000000s ]
INFO: [ app_end ] --END-- [ RunTime:0.000000s ]

[ 2017-03-17T15:39:57+08:00 ] 127.0.0.1 /lunblog/index
INFO: [ app_init ] --START--
INFO: Run Behavior\BuildLiteBehavior [ RunTime:0.000000s ]
INFO: [ app_init ] --END-- [ RunTime:0.001000s ]
INFO: [ app_begin ] --START--
INFO: Run Behavior\ReadHtmlCacheBehavior [ RunTime:0.001000s ]
INFO: [ app_begin ] --END-- [ RunTime:0.001000s ]
NOTIC: [8] Undefined index: code C:\wamp\www\lunblog\Application\Home\Controller\BaseController.class.php 第 24 行.
NOTIC: [8192] Function eregi() is deprecated C:\wamp\www\lunblog\Application\Common\Common\function.php 第 63 行.
NOTIC: [8192] Function eregi() is deprecated C:\wamp\www\lunblog\Application\Common\Common\function.php 第 65 行.
NOTIC: [8192] Function eregi() is deprecated C:\wamp\www\lunblog\Application\Common\Common\function.php 第 67 行.
NOTIC: [8192] Function ereg() is deprecated C:\wamp\www\lunblog\Application\Common\Common\function.php 第 67 行.
NOTIC: [8192] Function eregi() is deprecated C:\wamp\www\lunblog\Application\Common\Common\function.php 第 69 行.
NOTIC: [8192] Function eregi() is deprecated C:\wamp\www\lunblog\Application\Common\Common\function.php 第 69 行.
NOTIC: [8192] Function eregi() is deprecated C:\wamp\www\lunblog\Application\Common\Common\function.php 第 71 行.
NOTIC: [8192] Function eregi() is deprecated C:\wamp\www\lunblog\Application\Common\Common\function.php 第 71 行.
NOTIC: [8192] Function eregi() is deprecated C:\wamp\www\lunblog\Application\Common\Common\function.php 第 73 行.
NOTIC: [8192] Function eregi() is deprecated C:\wamp\www\lunblog\Application\Common\Common\function.php 第 73 行.
SQL: SHOW COLUMNS FROM `web_article` [ RunTime:0.0050s ]
SQL: SELECT `a_keyword`,`a_id`,`create_time` FROM `web_article` WHERE ( a_keyword != '' and a_views > 0 ) ORDER BY create_time desc LIMIT 50   [ RunTime:0.0000s ]
SQL: SHOW COLUMNS FROM `web_carousel_list` [ RunTime:0.0040s ]
SQL: SELECT * FROM `web_carousel_list` WHERE ( img != '' and state > 0 ) ORDER BY orderby  [ RunTime:0.0010s ]
SQL: SHOW COLUMNS FROM `web_article_cate` [ RunTime:0.0040s ]
SQL: SELECT * FROM `web_article_cate`  [ RunTime:0.0000s ]
SQL: SHOW COLUMNS FROM `web_link` [ RunTime:0.0050s ]
SQL: SELECT * FROM `web_link` WHERE ( state = 1 ) ORDER BY orderby  [ RunTime:0.0010s ]
SQL: SHOW COLUMNS FROM `web_liuyan` [ RunTime:0.0050s ]
SQL: SELECT * FROM `web_liuyan` ORDER BY add_time desc LIMIT 4   [ RunTime:0.0010s ]
SQL: SELECT `a_id` FROM `web_article` WHERE ( a_views > 0 )  [ RunTime:0.0010s ]
NOTIC: [2] array_rand(): Second argument has to be between 1 and the number of elements in the array C:\wamp\www\lunblog\Application\Home\Controller\BaseController.class.php 第 84 行.
NOTIC: [8] Undefined index:  C:\wamp\www\lunblog\Application\Home\Controller\BaseController.class.php 第 86 行.
NOTIC: [8] Undefined index:  C:\wamp\www\lunblog\Application\Home\Controller\BaseController.class.php 第 87 行.
NOTIC: [8] Undefined index:  C:\wamp\www\lunblog\Application\Home\Controller\BaseController.class.php 第 88 行.
SQL: SELECT * FROM `web_article` WHERE `a_id` = null LIMIT 1   [ RunTime:0.0000s ]
SQL: SELECT * FROM `web_article` WHERE `a_id` = null LIMIT 1   [ RunTime:0.0010s ]
SQL: SELECT * FROM `web_article` WHERE `a_id` = null LIMIT 1   [ RunTime:0.0000s ]
SQL: SELECT `a_id`,`photo`,`a_title`,`a_remark`,`a_keyword`,`cate_id`,`create_time`,`last_time`,`a_content`,`a_views`,`a_type`,`a_red`,`a_from`,`a_writer`,`create_ip` FROM `web_article` WHERE ( a_views > 0 ) ORDER BY a_views desc LIMIT 12   [ RunTime:0.0000s ]
SQL: SHOW COLUMNS FROM `web_article` [ RunTime:0.0040s ]
SQL: SHOW COLUMNS FROM `web_article_cate` [ RunTime:0.0030s ]
SQL: SELECT * FROM `web_article_cate`  [ RunTime:0.0000s ]
SQL: SELECT COUNT(*) AS tp_count FROM `web_article` LIMIT 1   [ RunTime:0.0000s ]
SQL: SELECT * FROM `web_article` INNER JOIN web_article_cate ON web_article_cate.cate_id = web_article.cate_id  ORDER BY a_id desc LIMIT 0,6   [ RunTime:0.0010s ]
INFO: [ view_parse ] --START--
INFO: [ template_filter ] --START--
INFO: Run Behavior\ContentReplaceBehavior [ RunTime:0.000000s ]
INFO: [ template_filter ] --END-- [ RunTime:0.000000s ]
NOTIC: [8] Undefined variable: v C:\wamp\www\lunblog\Application\Runtime\Cache\Home\2a94b8bda04ff446dcedd42276fc99ee.php 第 168 行.
INFO: Run Behavior\ParseTemplateBehavior [ RunTime:0.063003s ]
INFO: [ view_parse ] --END-- [ RunTime:0.063003s ]
INFO: [ view_filter ] --START--
INFO: Run Behavior\WriteHtmlCacheBehavior [ RunTime:0.000000s ]
INFO: [ view_filter ] --END-- [ RunTime:0.001000s ]
INFO: [ app_end ] --START--
INFO: Run Behavior\ShowPageTraceBehavior [ RunTime:0.002000s ]
INFO: [ app_end ] --END-- [ RunTime:0.003000s ]

[ 2017-03-17T15:40:10+08:00 ] 127.0.0.1 /lunblog/about.html
INFO: [ app_init ] --START--
INFO: Run Behavior\BuildLiteBehavior [ RunTime:0.000000s ]
INFO: [ app_init ] --END-- [ RunTime:0.001001s ]
INFO: [ app_begin ] --START--
INFO: Run Behavior\ReadHtmlCacheBehavior [ RunTime:0.001000s ]
INFO: [ app_begin ] --END-- [ RunTime:0.001000s ]
NOTIC: [8] Undefined index: code C:\wamp\www\lunblog\Application\Home\Controller\BaseController.class.php 第 24 行.
NOTIC: [8192] Function eregi() is deprecated C:\wamp\www\lunblog\Application\Common\Common\function.php 第 63 行.
NOTIC: [8192] Function eregi() is deprecated C:\wamp\www\lunblog\Application\Common\Common\function.php 第 65 行.
NOTIC: [8192] Function eregi() is deprecated C:\wamp\www\lunblog\Application\Common\Common\function.php 第 67 行.
NOTIC: [8192] Function ereg() is deprecated C:\wamp\www\lunblog\Application\Common\Common\function.php 第 67 行.
NOTIC: [8192] Function eregi() is deprecated C:\wamp\www\lunblog\Application\Common\Common\function.php 第 69 行.
NOTIC: [8192] Function eregi() is deprecated C:\wamp\www\lunblog\Application\Common\Common\function.php 第 69 行.
NOTIC: [8192] Function eregi() is deprecated C:\wamp\www\lunblog\Application\Common\Common\function.php 第 71 行.
NOTIC: [8192] Function eregi() is deprecated C:\wamp\www\lunblog\Application\Common\Common\function.php 第 71 行.
NOTIC: [8192] Function eregi() is deprecated C:\wamp\www\lunblog\Application\Common\Common\function.php 第 73 行.
NOTIC: [8192] Function eregi() is deprecated C:\wamp\www\lunblog\Application\Common\Common\function.php 第 73 行.
SQL: SHOW COLUMNS FROM `web_article` [ RunTime:0.0000s ]
SQL: SELECT `a_keyword`,`a_id`,`create_time` FROM `web_article` WHERE ( a_keyword != '' and a_views > 0 ) ORDER BY create_time desc LIMIT 50   [ RunTime:0.0000s ]
SQL: SHOW COLUMNS FROM `web_carousel_list` [ RunTime:0.0000s ]
SQL: SELECT * FROM `web_carousel_list` WHERE ( img != '' and state > 0 ) ORDER BY orderby  [ RunTime:0.0000s ]
SQL: SHOW COLUMNS FROM `web_article_cate` [ RunTime:0.0000s ]
SQL: SELECT * FROM `web_article_cate`  [ RunTime:0.0000s ]
SQL: SHOW COLUMNS FROM `web_link` [ RunTime:0.0000s ]
SQL: SELECT * FROM `web_link` WHERE ( state = 1 ) ORDER BY orderby  [ RunTime:0.0000s ]
SQL: SHOW COLUMNS FROM `web_liuyan` [ RunTime:0.0000s ]
SQL: SELECT * FROM `web_liuyan` ORDER BY add_time desc LIMIT 4   [ RunTime:0.0000s ]
SQL: SELECT `a_id` FROM `web_article` WHERE ( a_views > 0 )  [ RunTime:0.0000s ]
NOTIC: [2] array_rand(): Second argument has to be between 1 and the number of elements in the array C:\wamp\www\lunblog\Application\Home\Controller\BaseController.class.php 第 84 行.
NOTIC: [8] Undefined index:  C:\wamp\www\lunblog\Application\Home\Controller\BaseController.class.php 第 86 行.
NOTIC: [8] Undefined index:  C:\wamp\www\lunblog\Application\Home\Controller\BaseController.class.php 第 87 行.
NOTIC: [8] Undefined index:  C:\wamp\www\lunblog\Application\Home\Controller\BaseController.class.php 第 88 行.
SQL: SELECT * FROM `web_article` WHERE `a_id` = null LIMIT 1   [ RunTime:0.0000s ]
SQL: SELECT * FROM `web_article` WHERE `a_id` = null LIMIT 1   [ RunTime:0.0000s ]
SQL: SELECT * FROM `web_article` WHERE `a_id` = null LIMIT 1   [ RunTime:0.0000s ]
SQL: SELECT `a_id`,`photo`,`a_title`,`a_remark`,`a_keyword`,`cate_id`,`create_time`,`last_time`,`a_content`,`a_views`,`a_type`,`a_red`,`a_from`,`a_writer`,`create_ip` FROM `web_article` WHERE ( a_views > 0 ) ORDER BY a_views desc LIMIT 12   [ RunTime:0.0000s ]
INFO: [ view_parse ] --START--
INFO: [ template_filter ] --START--
INFO: Run Behavior\ContentReplaceBehavior [ RunTime:0.000000s ]
INFO: [ template_filter ] --END-- [ RunTime:0.000000s ]
INFO: Run Behavior\ParseTemplateBehavior [ RunTime:0.046800s ]
INFO: [ view_parse ] --END-- [ RunTime:0.046800s ]
INFO: [ view_filter ] --START--
INFO: Run Behavior\WriteHtmlCacheBehavior [ RunTime:0.000000s ]
INFO: [ view_filter ] --END-- [ RunTime:0.000000s ]
INFO: [ app_end ] --START--
INFO: Run Behavior\ShowPageTraceBehavior [ RunTime:0.000000s ]
INFO: [ app_end ] --END-- [ RunTime:0.000000s ]

[ 2017-03-17T15:40:12+08:00 ] 127.0.0.1 /lunblog/said.html
INFO: [ app_init ] --START--
INFO: Run Behavior\BuildLiteBehavior [ RunTime:0.000000s ]
INFO: [ app_init ] --END-- [ RunTime:0.000000s ]
INFO: [ app_begin ] --START--
INFO: Run Behavior\ReadHtmlCacheBehavior [ RunTime:0.000000s ]
INFO: [ app_begin ] --END-- [ RunTime:0.000000s ]
NOTIC: [8] Undefined index: code C:\wamp\www\lunblog\Application\Home\Controller\BaseController.class.php 第 24 行.
NOTIC: [8192] Function eregi() is deprecated C:\wamp\www\lunblog\Application\Common\Common\function.php 第 63 行.
NOTIC: [8192] Function eregi() is deprecated C:\wamp\www\lunblog\Application\Common\Common\function.php 第 65 行.
NOTIC: [8192] Function eregi() is deprecated C:\wamp\www\lunblog\Application\Common\Common\function.php 第 67 行.
NOTIC: [8192] Function ereg() is deprecated C:\wamp\www\lunblog\Application\Common\Common\function.php 第 67 行.
NOTIC: [8192] Function eregi() is deprecated C:\wamp\www\lunblog\Application\Common\Common\function.php 第 69 行.
NOTIC: [8192] Function eregi() is deprecated C:\wamp\www\lunblog\Application\Common\Common\function.php 第 69 行.
NOTIC: [8192] Function eregi() is deprecated C:\wamp\www\lunblog\Application\Common\Common\function.php 第 71 行.
NOTIC: [8192] Function eregi() is deprecated C:\wamp\www\lunblog\Application\Common\Common\function.php 第 71 行.
NOTIC: [8192] Function eregi() is deprecated C:\wamp\www\lunblog\Application\Common\Common\function.php 第 73 行.
NOTIC: [8192] Function eregi() is deprecated C:\wamp\www\lunblog\Application\Common\Common\function.php 第 73 行.
SQL: SHOW COLUMNS FROM `web_article` [ RunTime:0.0000s ]
SQL: SELECT `a_keyword`,`a_id`,`create_time` FROM `web_article` WHERE ( a_keyword != '' and a_views > 0 ) ORDER BY create_time desc LIMIT 50   [ RunTime:0.0000s ]
SQL: SHOW COLUMNS FROM `web_carousel_list` [ RunTime:0.0000s ]
SQL: SELECT * FROM `web_carousel_list` WHERE ( img != '' and state > 0 ) ORDER BY orderby  [ RunTime:0.0000s ]
SQL: SHOW COLUMNS FROM `web_article_cate` [ RunTime:0.0000s ]
SQL: SELECT * FROM `web_article_cate`  [ RunTime:0.0000s ]
SQL: SHOW COLUMNS FROM `web_link` [ RunTime:0.0000s ]
SQL: SELECT * FROM `web_link` WHERE ( state = 1 ) ORDER BY orderby  [ RunTime:0.0000s ]
SQL: SHOW COLUMNS FROM `web_liuyan` [ RunTime:0.0156s ]
SQL: SELECT * FROM `web_liuyan` ORDER BY add_time desc LIMIT 4   [ RunTime:0.0000s ]
SQL: SELECT `a_id` FROM `web_article` WHERE ( a_views > 0 )  [ RunTime:0.0000s ]
NOTIC: [2] array_rand(): Second argument has to be between 1 and the number of elements in the array C:\wamp\www\lunblog\Application\Home\Controller\BaseController.class.php 第 84 行.
NOTIC: [8] Undefined index:  C:\wamp\www\lunblog\Application\Home\Controller\BaseController.class.php 第 86 行.
NOTIC: [8] Undefined index:  C:\wamp\www\lunblog\Application\Home\Controller\BaseController.class.php 第 87 行.
NOTIC: [8] Undefined index:  C:\wamp\www\lunblog\Application\Home\Controller\BaseController.class.php 第 88 行.
SQL: SELECT * FROM `web_article` WHERE `a_id` = null LIMIT 1   [ RunTime:0.0000s ]
SQL: SELECT * FROM `web_article` WHERE `a_id` = null LIMIT 1   [ RunTime:0.0000s ]
SQL: SELECT * FROM `web_article` WHERE `a_id` = null LIMIT 1   [ RunTime:0.0000s ]
SQL: SELECT `a_id`,`photo`,`a_title`,`a_remark`,`a_keyword`,`cate_id`,`create_time`,`last_time`,`a_content`,`a_views`,`a_type`,`a_red`,`a_from`,`a_writer`,`create_ip` FROM `web_article` WHERE ( a_views > 0 ) ORDER BY a_views desc LIMIT 12   [ RunTime:0.0000s ]
SQL: SHOW COLUMNS FROM `web_said` [ RunTime:0.0000s ]
SQL: SELECT COUNT(*) AS tp_count FROM `web_said` LIMIT 1   [ RunTime:0.0000s ]
SQL: SELECT * FROM `web_said` WHERE ( s_view !=0 ) ORDER BY create_time desc LIMIT 0,10   [ RunTime:0.0000s ]
NOTIC: [8] Undefined variable: data C:\wamp\www\lunblog\Application\Common\Common\function.php 第 54 行.
NOTIC: [8] Undefined variable: data C:\wamp\www\lunblog\Application\Common\Common\function.php 第 54 行.
NOTIC: [8] Undefined variable: data C:\wamp\www\lunblog\Application\Common\Common\function.php 第 54 行.
NOTIC: [8] Undefined variable: data C:\wamp\www\lunblog\Application\Common\Common\function.php 第 54 行.
NOTIC: [8] Undefined variable: data C:\wamp\www\lunblog\Application\Common\Common\function.php 第 54 行.
NOTIC: [8] Undefined variable: data C:\wamp\www\lunblog\Application\Common\Common\function.php 第 54 行.
NOTIC: [8] Undefined variable: data C:\wamp\www\lunblog\Application\Common\Common\function.php 第 54 行.
NOTIC: [8] Undefined variable: data C:\wamp\www\lunblog\Application\Common\Common\function.php 第 54 行.
NOTIC: [8] Undefined variable: data C:\wamp\www\lunblog\Application\Common\Common\function.php 第 54 行.
NOTIC: [8] Undefined variable: data C:\wamp\www\lunblog\Application\Common\Common\function.php 第 54 行.
INFO: [ view_parse ] --START--
INFO: [ template_filter ] --START--
INFO: Run Behavior\ContentReplaceBehavior [ RunTime:0.000000s ]
INFO: [ template_filter ] --END-- [ RunTime:0.000000s ]
INFO: Run Behavior\ParseTemplateBehavior [ RunTime:0.046800s ]
INFO: [ view_parse ] --END-- [ RunTime:0.046800s ]
INFO: [ view_filter ] --START--
INFO: Run Behavior\WriteHtmlCacheBehavior [ RunTime:0.000000s ]
INFO: [ view_filter ] --END-- [ RunTime:0.000000s ]
INFO: [ app_end ] --START--
INFO: Run Behavior\ShowPageTraceBehavior [ RunTime:0.000000s ]
INFO: [ app_end ] --END-- [ RunTime:0.000000s ]

[ 2017-03-17T15:40:14+08:00 ] 127.0.0.1 /lunblog/friend.html
INFO: [ app_init ] --START--
INFO: Run Behavior\BuildLiteBehavior [ RunTime:0.000000s ]
INFO: [ app_init ] --END-- [ RunTime:0.000000s ]
INFO: [ app_begin ] --START--
INFO: Run Behavior\ReadHtmlCacheBehavior [ RunTime:0.000000s ]
INFO: [ app_begin ] --END-- [ RunTime:0.000000s ]
NOTIC: [8] Undefined index: code C:\wamp\www\lunblog\Application\Home\Controller\BaseController.class.php 第 24 行.
NOTIC: [8192] Function eregi() is deprecated C:\wamp\www\lunblog\Application\Common\Common\function.php 第 63 行.
NOTIC: [8192] Function eregi() is deprecated C:\wamp\www\lunblog\Application\Common\Common\function.php 第 65 行.
NOTIC: [8192] Function eregi() is deprecated C:\wamp\www\lunblog\Application\Common\Common\function.php 第 67 行.
NOTIC: [8192] Function ereg() is deprecated C:\wamp\www\lunblog\Application\Common\Common\function.php 第 67 行.
NOTIC: [8192] Function eregi() is deprecated C:\wamp\www\lunblog\Application\Common\Common\function.php 第 69 行.
NOTIC: [8192] Function eregi() is deprecated C:\wamp\www\lunblog\Application\Common\Common\function.php 第 69 行.
NOTIC: [8192] Function eregi() is deprecated C:\wamp\www\lunblog\Application\Common\Common\function.php 第 71 行.
NOTIC: [8192] Function eregi() is deprecated C:\wamp\www\lunblog\Application\Common\Common\function.php 第 71 行.
NOTIC: [8192] Function eregi() is deprecated C:\wamp\www\lunblog\Application\Common\Common\function.php 第 73 行.
NOTIC: [8192] Function eregi() is deprecated C:\wamp\www\lunblog\Application\Common\Common\function.php 第 73 行.
SQL: SHOW COLUMNS FROM `web_article` [ RunTime:0.0040s ]
SQL: SELECT `a_keyword`,`a_id`,`create_time` FROM `web_article` WHERE ( a_keyword != '' and a_views > 0 ) ORDER BY create_time desc LIMIT 50   [ RunTime:0.0010s ]
SQL: SHOW COLUMNS FROM `web_carousel_list` [ RunTime:0.0000s ]
SQL: SELECT * FROM `web_carousel_list` WHERE ( img != '' and state > 0 ) ORDER BY orderby  [ RunTime:0.0000s ]
SQL: SHOW COLUMNS FROM `web_article_cate` [ RunTime:0.0000s ]
SQL: SELECT * FROM `web_article_cate`  [ RunTime:0.0000s ]
SQL: SHOW COLUMNS FROM `web_link` [ RunTime:0.0000s ]
SQL: SELECT * FROM `web_link` WHERE ( state = 1 ) ORDER BY orderby  [ RunTime:0.0000s ]
SQL: SHOW COLUMNS FROM `web_liuyan` [ RunTime:0.0000s ]
SQL: SELECT * FROM `web_liuyan` ORDER BY add_time desc LIMIT 4   [ RunTime:0.0000s ]
SQL: SELECT `a_id` FROM `web_article` WHERE ( a_views > 0 )  [ RunTime:0.0000s ]
NOTIC: [2] array_rand(): Second argument has to be between 1 and the number of elements in the array C:\wamp\www\lunblog\Application\Home\Controller\BaseController.class.php 第 84 行.
NOTIC: [8] Undefined index:  C:\wamp\www\lunblog\Application\Home\Controller\BaseController.class.php 第 86 行.
NOTIC: [8] Undefined index:  C:\wamp\www\lunblog\Application\Home\Controller\BaseController.class.php 第 87 行.
NOTIC: [8] Undefined index:  C:\wamp\www\lunblog\Application\Home\Controller\BaseController.class.php 第 88 行.
SQL: SELECT * FROM `web_article` WHERE `a_id` = null LIMIT 1   [ RunTime:0.0000s ]
SQL: SELECT * FROM `web_article` WHERE `a_id` = null LIMIT 1   [ RunTime:0.0000s ]
SQL: SELECT * FROM `web_article` WHERE `a_id` = null LIMIT 1   [ RunTime:0.0000s ]
SQL: SELECT `a_id`,`photo`,`a_title`,`a_remark`,`a_keyword`,`cate_id`,`create_time`,`last_time`,`a_content`,`a_views`,`a_type`,`a_red`,`a_from`,`a_writer`,`create_ip` FROM `web_article` WHERE ( a_views > 0 ) ORDER BY a_views desc LIMIT 12   [ RunTime:0.0000s ]
SQL: SHOW COLUMNS FROM `web_qquser` [ RunTime:0.0000s ]
SQL: SELECT `id`,`qqname`,`qqimg`,`qqnum` FROM `web_qquser`  [ RunTime:0.0000s ]
SQL: SELECT COUNT(*) AS tp_count FROM `web_qquser` LIMIT 1   [ RunTime:0.0000s ]
INFO: [ view_parse ] --START--
INFO: [ template_filter ] --START--
INFO: Run Behavior\ContentReplaceBehavior [ RunTime:0.000000s ]
INFO: [ template_filter ] --END-- [ RunTime:0.000000s ]
NOTIC: [8] Undefined variable: page C:\wamp\www\lunblog\Application\Runtime\Cache\Home\234fb5e493b047b990bcd1f59631a633.php 第 166 行.
INFO: Run Behavior\ParseTemplateBehavior [ RunTime:0.046800s ]
INFO: [ view_parse ] --END-- [ RunTime:0.046800s ]
INFO: [ view_filter ] --START--
INFO: Run Behavior\WriteHtmlCacheBehavior [ RunTime:0.000000s ]
INFO: [ view_filter ] --END-- [ RunTime:0.000000s ]
INFO: [ app_end ] --START--
INFO: Run Behavior\ShowPageTraceBehavior [ RunTime:0.000000s ]
INFO: [ app_end ] --END-- [ RunTime:0.000000s ]

[ 2017-03-17T15:40:16+08:00 ] 127.0.0.1 /lunblog/about.html
INFO: [ app_init ] --START--
INFO: Run Behavior\BuildLiteBehavior [ RunTime:0.000000s ]
INFO: [ app_init ] --END-- [ RunTime:0.001000s ]
INFO: [ app_begin ] --START--
INFO: Run Behavior\ReadHtmlCacheBehavior [ RunTime:0.001000s ]
INFO: [ app_begin ] --END-- [ RunTime:0.001000s ]
NOTIC: [8] Undefined index: code C:\wamp\www\lunblog\Application\Home\Controller\BaseController.class.php 第 24 行.
NOTIC: [8192] Function eregi() is deprecated C:\wamp\www\lunblog\Application\Common\Common\function.php 第 63 行.
NOTIC: [8192] Function eregi() is deprecated C:\wamp\www\lunblog\Application\Common\Common\function.php 第 65 行.
NOTIC: [8192] Function eregi() is deprecated C:\wamp\www\lunblog\Application\Common\Common\function.php 第 67 行.
NOTIC: [8192] Function ereg() is deprecated C:\wamp\www\lunblog\Application\Common\Common\function.php 第 67 行.
NOTIC: [8192] Function eregi() is deprecated C:\wamp\www\lunblog\Application\Common\Common\function.php 第 69 行.
NOTIC: [8192] Function eregi() is deprecated C:\wamp\www\lunblog\Application\Common\Common\function.php 第 69 行.
NOTIC: [8192] Function eregi() is deprecated C:\wamp\www\lunblog\Application\Common\Common\function.php 第 71 行.
NOTIC: [8192] Function eregi() is deprecated C:\wamp\www\lunblog\Application\Common\Common\function.php 第 71 行.
NOTIC: [8192] Function eregi() is deprecated C:\wamp\www\lunblog\Application\Common\Common\function.php 第 73 行.
NOTIC: [8192] Function eregi() is deprecated C:\wamp\www\lunblog\Application\Common\Common\function.php 第 73 行.
SQL: SHOW COLUMNS FROM `web_article` [ RunTime:0.0000s ]
SQL: SELECT `a_keyword`,`a_id`,`create_time` FROM `web_article` WHERE ( a_keyword != '' and a_views > 0 ) ORDER BY create_time desc LIMIT 50   [ RunTime:0.0000s ]
SQL: SHOW COLUMNS FROM `web_carousel_list` [ RunTime:0.0000s ]
SQL: SELECT * FROM `web_carousel_list` WHERE ( img != '' and state > 0 ) ORDER BY orderby  [ RunTime:0.0000s ]
SQL: SHOW COLUMNS FROM `web_article_cate` [ RunTime:0.0000s ]
SQL: SELECT * FROM `web_article_cate`  [ RunTime:0.0000s ]
SQL: SHOW COLUMNS FROM `web_link` [ RunTime:0.0000s ]
SQL: SELECT * FROM `web_link` WHERE ( state = 1 ) ORDER BY orderby  [ RunTime:0.0000s ]
SQL: SHOW COLUMNS FROM `web_liuyan` [ RunTime:0.0624s ]
SQL: SELECT * FROM `web_liuyan` ORDER BY add_time desc LIMIT 4   [ RunTime:0.0000s ]
SQL: SELECT `a_id` FROM `web_article` WHERE ( a_views > 0 )  [ RunTime:0.0000s ]
NOTIC: [2] array_rand(): Second argument has to be between 1 and the number of elements in the array C:\wamp\www\lunblog\Application\Home\Controller\BaseController.class.php 第 84 行.
NOTIC: [8] Undefined index:  C:\wamp\www\lunblog\Application\Home\Controller\BaseController.class.php 第 86 行.
NOTIC: [8] Undefined index:  C:\wamp\www\lunblog\Application\Home\Controller\BaseController.class.php 第 87 行.
NOTIC: [8] Undefined index:  C:\wamp\www\lunblog\Application\Home\Controller\BaseController.class.php 第 88 行.
SQL: SELECT * FROM `web_article` WHERE `a_id` = null LIMIT 1   [ RunTime:0.0000s ]
SQL: SELECT * FROM `web_article` WHERE `a_id` = null LIMIT 1   [ RunTime:0.0000s ]
SQL: SELECT * FROM `web_article` WHERE `a_id` = null LIMIT 1   [ RunTime:0.0000s ]
SQL: SELECT `a_id`,`photo`,`a_title`,`a_remark`,`a_keyword`,`cate_id`,`create_time`,`last_time`,`a_content`,`a_views`,`a_type`,`a_red`,`a_from`,`a_writer`,`create_ip` FROM `web_article` WHERE ( a_views > 0 ) ORDER BY a_views desc LIMIT 12   [ RunTime:0.0000s ]
INFO: [ view_parse ] --START--
INFO: [ template_filter ] --START--
INFO: Run Behavior\ContentReplaceBehavior [ RunTime:0.000000s ]
INFO: [ template_filter ] --END-- [ RunTime:0.000000s ]
INFO: Run Behavior\ParseTemplateBehavior [ RunTime:0.078000s ]
INFO: [ view_parse ] --END-- [ RunTime:0.078000s ]
INFO: [ view_filter ] --START--
INFO: Run Behavior\WriteHtmlCacheBehavior [ RunTime:0.000000s ]
INFO: [ view_filter ] --END-- [ RunTime:0.000000s ]
INFO: [ app_end ] --START--
INFO: Run Behavior\ShowPageTraceBehavior [ RunTime:0.000000s ]
INFO: [ app_end ] --END-- [ RunTime:0.000000s ]

[ 2017-03-17T15:40:18+08:00 ] 127.0.0.1 /lunblog/about.html
INFO: [ app_init ] --START--
INFO: Run Behavior\BuildLiteBehavior [ RunTime:0.000000s ]
INFO: [ app_init ] --END-- [ RunTime:0.000000s ]
INFO: [ app_begin ] --START--
INFO: Run Behavior\ReadHtmlCacheBehavior [ RunTime:0.000000s ]
INFO: [ app_begin ] --END-- [ RunTime:0.000000s ]
NOTIC: [8] Undefined index: code C:\wamp\www\lunblog\Application\Home\Controller\BaseController.class.php 第 24 行.
NOTIC: [8192] Function eregi() is deprecated C:\wamp\www\lunblog\Application\Common\Common\function.php 第 63 行.
NOTIC: [8192] Function eregi() is deprecated C:\wamp\www\lunblog\Application\Common\Common\function.php 第 65 行.
NOTIC: [8192] Function eregi() is deprecated C:\wamp\www\lunblog\Application\Common\Common\function.php 第 67 行.
NOTIC: [8192] Function ereg() is deprecated C:\wamp\www\lunblog\Application\Common\Common\function.php 第 67 行.
NOTIC: [8192] Function eregi() is deprecated C:\wamp\www\lunblog\Application\Common\Common\function.php 第 69 行.
NOTIC: [8192] Function eregi() is deprecated C:\wamp\www\lunblog\Application\Common\Common\function.php 第 69 行.
NOTIC: [8192] Function eregi() is deprecated C:\wamp\www\lunblog\Application\Common\Common\function.php 第 71 行.
NOTIC: [8192] Function eregi() is deprecated C:\wamp\www\lunblog\Application\Common\Common\function.php 第 71 行.
NOTIC: [8192] Function eregi() is deprecated C:\wamp\www\lunblog\Application\Common\Common\function.php 第 73 行.
NOTIC: [8192] Function eregi() is deprecated C:\wamp\www\lunblog\Application\Common\Common\function.php 第 73 行.
SQL: SHOW COLUMNS FROM `web_article` [ RunTime:0.0000s ]
SQL: SELECT `a_keyword`,`a_id`,`create_time` FROM `web_article` WHERE ( a_keyword != '' and a_views > 0 ) ORDER BY create_time desc LIMIT 50   [ RunTime:0.0000s ]
SQL: SHOW COLUMNS FROM `web_carousel_list` [ RunTime:0.0000s ]
SQL: SELECT * FROM `web_carousel_list` WHERE ( img != '' and state > 0 ) ORDER BY orderby  [ RunTime:0.0000s ]
SQL: SHOW COLUMNS FROM `web_article_cate` [ RunTime:0.0156s ]
SQL: SELECT * FROM `web_article_cate`  [ RunTime:0.0000s ]
SQL: SHOW COLUMNS FROM `web_link` [ RunTime:0.0000s ]
SQL: SELECT * FROM `web_link` WHERE ( state = 1 ) ORDER BY orderby  [ RunTime:0.0000s ]
SQL: SHOW COLUMNS FROM `web_liuyan` [ RunTime:0.0000s ]
SQL: SELECT * FROM `web_liuyan` ORDER BY add_time desc LIMIT 4   [ RunTime:0.0000s ]
SQL: SELECT `a_id` FROM `web_article` WHERE ( a_views > 0 )  [ RunTime:0.0000s ]
NOTIC: [2] array_rand(): Second argument has to be between 1 and the number of elements in the array C:\wamp\www\lunblog\Application\Home\Controller\BaseController.class.php 第 84 行.
NOTIC: [8] Undefined index:  C:\wamp\www\lunblog\Application\Home\Controller\BaseController.class.php 第 86 行.
NOTIC: [8] Undefined index:  C:\wamp\www\lunblog\Application\Home\Controller\BaseController.class.php 第 87 行.
NOTIC: [8] Undefined index:  C:\wamp\www\lunblog\Application\Home\Controller\BaseController.class.php 第 88 行.
SQL: SELECT * FROM `web_article` WHERE `a_id` = null LIMIT 1   [ RunTime:0.0000s ]
SQL: SELECT * FROM `web_article` WHERE `a_id` = null LIMIT 1   [ RunTime:0.0000s ]
SQL: SELECT * FROM `web_article` WHERE `a_id` = null LIMIT 1   [ RunTime:0.0156s ]
SQL: SELECT `a_id`,`photo`,`a_title`,`a_remark`,`a_keyword`,`cate_id`,`create_time`,`last_time`,`a_content`,`a_views`,`a_type`,`a_red`,`a_from`,`a_writer`,`create_ip` FROM `web_article` WHERE ( a_views > 0 ) ORDER BY a_views desc LIMIT 12   [ RunTime:0.0000s ]
INFO: [ view_parse ] --START--
INFO: [ template_filter ] --START--
INFO: Run Behavior\ContentReplaceBehavior [ RunTime:0.000000s ]
INFO: [ template_filter ] --END-- [ RunTime:0.000000s ]
INFO: Run Behavior\ParseTemplateBehavior [ RunTime:0.046800s ]
INFO: [ view_parse ] --END-- [ RunTime:0.046800s ]
INFO: [ view_filter ] --START--
INFO: Run Behavior\WriteHtmlCacheBehavior [ RunTime:0.000000s ]
INFO: [ view_filter ] --END-- [ RunTime:0.000000s ]
INFO: [ app_end ] --START--
INFO: Run Behavior\ShowPageTraceBehavior [ RunTime:0.000000s ]
INFO: [ app_end ] --END-- [ RunTime:0.000000s ]

[ 2017-03-17T15:40:19+08:00 ] 127.0.0.1 /lunblog/about.html
INFO: [ app_init ] --START--
INFO: Run Behavior\BuildLiteBehavior [ RunTime:0.000000s ]
INFO: [ app_init ] --END-- [ RunTime:0.000000s ]
INFO: [ app_begin ] --START--
INFO: Run Behavior\ReadHtmlCacheBehavior [ RunTime:0.000000s ]
INFO: [ app_begin ] --END-- [ RunTime:0.000000s ]
NOTIC: [8] Undefined index: code C:\wamp\www\lunblog\Application\Home\Controller\BaseController.class.php 第 24 行.
NOTIC: [8192] Function eregi() is deprecated C:\wamp\www\lunblog\Application\Common\Common\function.php 第 63 行.
NOTIC: [8192] Function eregi() is deprecated C:\wamp\www\lunblog\Application\Common\Common\function.php 第 65 行.
NOTIC: [8192] Function eregi() is deprecated C:\wamp\www\lunblog\Application\Common\Common\function.php 第 67 行.
NOTIC: [8192] Function ereg() is deprecated C:\wamp\www\lunblog\Application\Common\Common\function.php 第 67 行.
NOTIC: [8192] Function eregi() is deprecated C:\wamp\www\lunblog\Application\Common\Common\function.php 第 69 行.
NOTIC: [8192] Function eregi() is deprecated C:\wamp\www\lunblog\Application\Common\Common\function.php 第 69 行.
NOTIC: [8192] Function eregi() is deprecated C:\wamp\www\lunblog\Application\Common\Common\function.php 第 71 行.
NOTIC: [8192] Function eregi() is deprecated C:\wamp\www\lunblog\Application\Common\Common\function.php 第 71 行.
NOTIC: [8192] Function eregi() is deprecated C:\wamp\www\lunblog\Application\Common\Common\function.php 第 73 行.
NOTIC: [8192] Function eregi() is deprecated C:\wamp\www\lunblog\Application\Common\Common\function.php 第 73 行.
SQL: SHOW COLUMNS FROM `web_article` [ RunTime:0.0000s ]
SQL: SELECT `a_keyword`,`a_id`,`create_time` FROM `web_article` WHERE ( a_keyword != '' and a_views > 0 ) ORDER BY create_time desc LIMIT 50   [ RunTime:0.0000s ]
SQL: SHOW COLUMNS FROM `web_carousel_list` [ RunTime:0.0000s ]
SQL: SELECT * FROM `web_carousel_list` WHERE ( img != '' and state > 0 ) ORDER BY orderby  [ RunTime:0.0000s ]
SQL: SHOW COLUMNS FROM `web_article_cate` [ RunTime:0.0156s ]
SQL: SELECT * FROM `web_article_cate`  [ RunTime:0.0000s ]
SQL: SHOW COLUMNS FROM `web_link` [ RunTime:0.0000s ]
SQL: SELECT * FROM `web_link` WHERE ( state = 1 ) ORDER BY orderby  [ RunTime:0.0000s ]
SQL: SHOW COLUMNS FROM `web_liuyan` [ RunTime:0.0000s ]
SQL: SELECT * FROM `web_liuyan` ORDER BY add_time desc LIMIT 4   [ RunTime:0.0000s ]
SQL: SELECT `a_id` FROM `web_article` WHERE ( a_views > 0 )  [ RunTime:0.0000s ]
NOTIC: [2] array_rand(): Second argument has to be between 1 and the number of elements in the array C:\wamp\www\lunblog\Application\Home\Controller\BaseController.class.php 第 84 行.
NOTIC: [8] Undefined index:  C:\wamp\www\lunblog\Application\Home\Controller\BaseController.class.php 第 86 行.
NOTIC: [8] Undefined index:  C:\wamp\www\lunblog\Application\Home\Controller\BaseController.class.php 第 87 行.
NOTIC: [8] Undefined index:  C:\wamp\www\lunblog\Application\Home\Controller\BaseController.class.php 第 88 行.
SQL: SELECT * FROM `web_article` WHERE `a_id` = null LIMIT 1   [ RunTime:0.0000s ]
SQL: SELECT * FROM `web_article` WHERE `a_id` = null LIMIT 1   [ RunTime:0.0000s ]
SQL: SELECT * FROM `web_article` WHERE `a_id` = null LIMIT 1   [ RunTime:0.0000s ]
SQL: SELECT `a_id`,`photo`,`a_title`,`a_remark`,`a_keyword`,`cate_id`,`create_time`,`last_time`,`a_content`,`a_views`,`a_type`,`a_red`,`a_from`,`a_writer`,`create_ip` FROM `web_article` WHERE ( a_views > 0 ) ORDER BY a_views desc LIMIT 12   [ RunTime:0.0000s ]
INFO: [ view_parse ] --START--
INFO: [ template_filter ] --START--
INFO: Run Behavior\ContentReplaceBehavior [ RunTime:0.000000s ]
INFO: [ template_filter ] --END-- [ RunTime:0.000000s ]
INFO: Run Behavior\ParseTemplateBehavior [ RunTime:0.046800s ]
INFO: [ view_parse ] --END-- [ RunTime:0.046800s ]
INFO: [ view_filter ] --START--
INFO: Run Behavior\WriteHtmlCacheBehavior [ RunTime:0.000000s ]
INFO: [ view_filter ] --END-- [ RunTime:0.000000s ]
INFO: [ app_end ] --START--
INFO: Run Behavior\ShowPageTraceBehavior [ RunTime:0.000000s ]
INFO: [ app_end ] --END-- [ RunTime:0.000000s ]

[ 2017-03-17T15:40:20+08:00 ] 127.0.0.1 /lunblog/liuyan.html
INFO: [ app_init ] --START--
INFO: Run Behavior\BuildLiteBehavior [ RunTime:0.000000s ]
INFO: [ app_init ] --END-- [ RunTime:0.000000s ]
INFO: [ app_begin ] --START--
INFO: Run Behavior\ReadHtmlCacheBehavior [ RunTime:0.000000s ]
INFO: [ app_begin ] --END-- [ RunTime:0.000000s ]
NOTIC: [8] Undefined index: code C:\wamp\www\lunblog\Application\Home\Controller\BaseController.class.php 第 24 行.
NOTIC: [8192] Function eregi() is deprecated C:\wamp\www\lunblog\Application\Common\Common\function.php 第 63 行.
NOTIC: [8192] Function eregi() is deprecated C:\wamp\www\lunblog\Application\Common\Common\function.php 第 65 行.
NOTIC: [8192] Function eregi() is deprecated C:\wamp\www\lunblog\Application\Common\Common\function.php 第 67 行.
NOTIC: [8192] Function ereg() is deprecated C:\wamp\www\lunblog\Application\Common\Common\function.php 第 67 行.
NOTIC: [8192] Function eregi() is deprecated C:\wamp\www\lunblog\Application\Common\Common\function.php 第 69 行.
NOTIC: [8192] Function eregi() is deprecated C:\wamp\www\lunblog\Application\Common\Common\function.php 第 69 行.
NOTIC: [8192] Function eregi() is deprecated C:\wamp\www\lunblog\Application\Common\Common\function.php 第 71 行.
NOTIC: [8192] Function eregi() is deprecated C:\wamp\www\lunblog\Application\Common\Common\function.php 第 71 行.
NOTIC: [8192] Function eregi() is deprecated C:\wamp\www\lunblog\Application\Common\Common\function.php 第 73 行.
NOTIC: [8192] Function eregi() is deprecated C:\wamp\www\lunblog\Application\Common\Common\function.php 第 73 行.
SQL: SHOW COLUMNS FROM `web_article` [ RunTime:0.0000s ]
SQL: SELECT `a_keyword`,`a_id`,`create_time` FROM `web_article` WHERE ( a_keyword != '' and a_views > 0 ) ORDER BY create_time desc LIMIT 50   [ RunTime:0.0000s ]
SQL: SHOW COLUMNS FROM `web_carousel_list` [ RunTime:0.0000s ]
SQL: SELECT * FROM `web_carousel_list` WHERE ( img != '' and state > 0 ) ORDER BY orderby  [ RunTime:0.0000s ]
SQL: SHOW COLUMNS FROM `web_article_cate` [ RunTime:0.0156s ]
SQL: SELECT * FROM `web_article_cate`  [ RunTime:0.0000s ]
SQL: SHOW COLUMNS FROM `web_link` [ RunTime:0.0156s ]
SQL: SELECT * FROM `web_link` WHERE ( state = 1 ) ORDER BY orderby  [ RunTime:0.0000s ]
SQL: SHOW COLUMNS FROM `web_liuyan` [ RunTime:0.0000s ]
SQL: SELECT * FROM `web_liuyan` ORDER BY add_time desc LIMIT 4   [ RunTime:0.0000s ]
SQL: SELECT `a_id` FROM `web_article` WHERE ( a_views > 0 )  [ RunTime:0.0000s ]
NOTIC: [2] array_rand(): Second argument has to be between 1 and the number of elements in the array C:\wamp\www\lunblog\Application\Home\Controller\BaseController.class.php 第 84 行.
NOTIC: [8] Undefined index:  C:\wamp\www\lunblog\Application\Home\Controller\BaseController.class.php 第 86 行.
NOTIC: [8] Undefined index:  C:\wamp\www\lunblog\Application\Home\Controller\BaseController.class.php 第 87 行.
NOTIC: [8] Undefined index:  C:\wamp\www\lunblog\Application\Home\Controller\BaseController.class.php 第 88 行.
SQL: SELECT * FROM `web_article` WHERE `a_id` = null LIMIT 1   [ RunTime:0.0000s ]
SQL: SELECT * FROM `web_article` WHERE `a_id` = null LIMIT 1   [ RunTime:0.0000s ]
SQL: SELECT * FROM `web_article` WHERE `a_id` = null LIMIT 1   [ RunTime:0.0000s ]
SQL: SELECT `a_id`,`photo`,`a_title`,`a_remark`,`a_keyword`,`cate_id`,`create_time`,`last_time`,`a_content`,`a_views`,`a_type`,`a_red`,`a_from`,`a_writer`,`create_ip` FROM `web_article` WHERE ( a_views > 0 ) ORDER BY a_views desc LIMIT 12   [ RunTime:0.0000s ]
SQL: SHOW COLUMNS FROM `web_liuyan` [ RunTime:0.0156s ]
SQL: SHOW COLUMNS FROM `web_liuyan` [ RunTime:0.0000s ]
SQL: SELECT COUNT(*) AS tp_count FROM `web_liuyan` LIMIT 1   [ RunTime:0.0000s ]
SQL: SELECT * FROM `web_liuyan` ORDER BY id desc LIMIT 0,7   [ RunTime:0.0000s ]
NOTIC: [8] Undefined variable: data C:\wamp\www\lunblog\Application\Common\Common\function.php 第 54 行.
INFO: [ view_parse ] --START--
INFO: [ template_filter ] --START--
INFO: Run Behavior\ContentReplaceBehavior [ RunTime:0.000000s ]
INFO: [ template_filter ] --END-- [ RunTime:0.000000s ]
INFO: Run Behavior\ParseTemplateBehavior [ RunTime:0.062400s ]
INFO: [ view_parse ] --END-- [ RunTime:0.062400s ]
INFO: [ view_filter ] --START--
INFO: Run Behavior\WriteHtmlCacheBehavior [ RunTime:0.000000s ]
INFO: [ view_filter ] --END-- [ RunTime:0.000000s ]
INFO: [ app_end ] --START--
INFO: Run Behavior\ShowPageTraceBehavior [ RunTime:0.000000s ]
INFO: [ app_end ] --END-- [ RunTime:0.000000s ]

[ 2017-03-17T15:40:21+08:00 ] 127.0.0.1 /lunblog/Home/Liuyan/verify.html
INFO: [ app_init ] --START--
INFO: Run Behavior\BuildLiteBehavior [ RunTime:0.000000s ]
INFO: [ app_init ] --END-- [ RunTime:0.001000s ]
INFO: [ app_begin ] --START--
INFO: Run Behavior\ReadHtmlCacheBehavior [ RunTime:0.003000s ]
INFO: [ app_begin ] --END-- [ RunTime:0.003000s ]
NOTIC: [8] Undefined index: code C:\wamp\www\lunblog\Application\Home\Controller\BaseController.class.php 第 24 行.
NOTIC: [8192] Function eregi() is deprecated C:\wamp\www\lunblog\Application\Common\Common\function.php 第 63 行.
NOTIC: [8192] Function eregi() is deprecated C:\wamp\www\lunblog\Application\Common\Common\function.php 第 65 行.
NOTIC: [8192] Function eregi() is deprecated C:\wamp\www\lunblog\Application\Common\Common\function.php 第 67 行.
NOTIC: [8192] Function ereg() is deprecated C:\wamp\www\lunblog\Application\Common\Common\function.php 第 67 行.
NOTIC: [8192] Function eregi() is deprecated C:\wamp\www\lunblog\Application\Common\Common\function.php 第 69 行.
NOTIC: [8192] Function eregi() is deprecated C:\wamp\www\lunblog\Application\Common\Common\function.php 第 69 行.
NOTIC: [8192] Function eregi() is deprecated C:\wamp\www\lunblog\Application\Common\Common\function.php 第 71 行.
NOTIC: [8192] Function eregi() is deprecated C:\wamp\www\lunblog\Application\Common\Common\function.php 第 71 行.
NOTIC: [8192] Function eregi() is deprecated C:\wamp\www\lunblog\Application\Common\Common\function.php 第 73 行.
NOTIC: [8192] Function eregi() is deprecated C:\wamp\www\lunblog\Application\Common\Common\function.php 第 73 行.
SQL: SHOW COLUMNS FROM `web_article` [ RunTime:0.0070s ]
SQL: SELECT `a_keyword`,`a_id`,`create_time` FROM `web_article` WHERE ( a_keyword != '' and a_views > 0 ) ORDER BY create_time desc LIMIT 50   [ RunTime:0.0000s ]
SQL: SHOW COLUMNS FROM `web_carousel_list` [ RunTime:0.0050s ]
SQL: SELECT * FROM `web_carousel_list` WHERE ( img != '' and state > 0 ) ORDER BY orderby  [ RunTime:0.0000s ]
SQL: SHOW COLUMNS FROM `web_article_cate` [ RunTime:0.0040s ]
SQL: SELECT * FROM `web_article_cate`  [ RunTime:0.0000s ]
SQL: SHOW COLUMNS FROM `web_link` [ RunTime:0.0040s ]
SQL: SELECT * FROM `web_link` WHERE ( state = 1 ) ORDER BY orderby  [ RunTime:0.0000s ]
SQL: SHOW COLUMNS FROM `web_liuyan` [ RunTime:0.0040s ]
SQL: SELECT * FROM `web_liuyan` ORDER BY add_time desc LIMIT 4   [ RunTime:0.0010s ]
SQL: SELECT `a_id` FROM `web_article` WHERE ( a_views > 0 )  [ RunTime:0.0000s ]
NOTIC: [2] array_rand(): Second argument has to be between 1 and the number of elements in the array C:\wamp\www\lunblog\Application\Home\Controller\BaseController.class.php 第 84 行.
NOTIC: [8] Undefined index:  C:\wamp\www\lunblog\Application\Home\Controller\BaseController.class.php 第 86 行.
NOTIC: [8] Undefined index:  C:\wamp\www\lunblog\Application\Home\Controller\BaseController.class.php 第 87 行.
NOTIC: [8] Undefined index:  C:\wamp\www\lunblog\Application\Home\Controller\BaseController.class.php 第 88 行.
SQL: SELECT * FROM `web_article` WHERE `a_id` = null LIMIT 1   [ RunTime:0.0000s ]
SQL: SELECT * FROM `web_article` WHERE `a_id` = null LIMIT 1   [ RunTime:0.0000s ]
SQL: SELECT * FROM `web_article` WHERE `a_id` = null LIMIT 1   [ RunTime:0.0000s ]
SQL: SELECT `a_id`,`photo`,`a_title`,`a_remark`,`a_keyword`,`cate_id`,`create_time`,`last_time`,`a_content`,`a_views`,`a_type`,`a_red`,`a_from`,`a_writer`,`create_ip` FROM `web_article` WHERE ( a_views > 0 ) ORDER BY a_views desc LIMIT 12   [ RunTime:0.0000s ]
NOTIC: [8] A non well formed numeric value encountered C:\wamp\www\lunblog\ThinkPHP\Library\Think\Verify.class.php 第 166 行.
NOTIC: [8] A non well formed numeric value encountered C:\wamp\www\lunblog\ThinkPHP\Library\Think\Verify.class.php 第 166 行.
NOTIC: [8] A non well formed numeric value encountered C:\wamp\www\lunblog\ThinkPHP\Library\Think\Verify.class.php 第 166 行.
NOTIC: [8] A non well formed numeric value encountered C:\wamp\www\lunblog\ThinkPHP\Library\Think\Verify.class.php 第 166 行.
INFO: [ app_end ] --START--
INFO: Run Behavior\ShowPageTraceBehavior [ RunTime:0.001000s ]
INFO: [ app_end ] --END-- [ RunTime:0.001000s ]

[ 2017-03-17T15:43:17+08:00 ] 127.0.0.1 /lunblog/index.html
INFO: [ app_init ] --START--
INFO: Run Behavior\BuildLiteBehavior [ RunTime:0.000000s ]
INFO: [ app_init ] --END-- [ RunTime:0.000000s ]
INFO: [ app_begin ] --START--
INFO: Run Behavior\ReadHtmlCacheBehavior [ RunTime:0.001000s ]
INFO: [ app_begin ] --END-- [ RunTime:0.002000s ]
NOTIC: [8] Undefined index: code C:\wamp\www\lunblog\Application\Home\Controller\BaseController.class.php 第 24 行.
NOTIC: [8192] Function eregi() is deprecated C:\wamp\www\lunblog\Application\Common\Common\function.php 第 63 行.
NOTIC: [8192] Function eregi() is deprecated C:\wamp\www\lunblog\Application\Common\Common\function.php 第 65 行.
NOTIC: [8192] Function eregi() is deprecated C:\wamp\www\lunblog\Application\Common\Common\function.php 第 67 行.
NOTIC: [8192] Function ereg() is deprecated C:\wamp\www\lunblog\Application\Common\Common\function.php 第 67 行.
NOTIC: [8192] Function eregi() is deprecated C:\wamp\www\lunblog\Application\Common\Common\function.php 第 69 行.
NOTIC: [8192] Function eregi() is deprecated C:\wamp\www\lunblog\Application\Common\Common\function.php 第 69 行.
NOTIC: [8192] Function eregi() is deprecated C:\wamp\www\lunblog\Application\Common\Common\function.php 第 71 行.
NOTIC: [8192] Function eregi() is deprecated C:\wamp\www\lunblog\Application\Common\Common\function.php 第 71 行.
NOTIC: [8192] Function eregi() is deprecated C:\wamp\www\lunblog\Application\Common\Common\function.php 第 73 行.
NOTIC: [8192] Function eregi() is deprecated C:\wamp\www\lunblog\Application\Common\Common\function.php 第 73 行.
SQL: SHOW COLUMNS FROM `web_article` [ RunTime:0.0000s ]
SQL: SELECT `a_keyword`,`a_id`,`create_time` FROM `web_article` WHERE ( a_keyword != '' and a_views > 0 ) ORDER BY create_time desc LIMIT 50   [ RunTime:0.0000s ]
SQL: SHOW COLUMNS FROM `web_carousel_list` [ RunTime:0.0000s ]
SQL: SELECT * FROM `web_carousel_list` WHERE ( img != '' and state > 0 ) ORDER BY orderby  [ RunTime:0.0000s ]
SQL: SHOW COLUMNS FROM `web_article_cate` [ RunTime:0.0156s ]
SQL: SELECT * FROM `web_article_cate`  [ RunTime:0.0000s ]
SQL: SHOW COLUMNS FROM `web_link` [ RunTime:0.0000s ]
SQL: SELECT * FROM `web_link` WHERE ( state = 1 ) ORDER BY orderby  [ RunTime:0.0000s ]
SQL: SHOW COLUMNS FROM `web_liuyan` [ RunTime:0.0156s ]
SQL: SELECT * FROM `web_liuyan` ORDER BY add_time desc LIMIT 4   [ RunTime:0.0000s ]
SQL: SELECT `a_id` FROM `web_article` WHERE ( a_views > 0 )  [ RunTime:0.0000s ]
NOTIC: [2] array_rand(): Second argument has to be between 1 and the number of elements in the array C:\wamp\www\lunblog\Application\Home\Controller\BaseController.class.php 第 84 行.
NOTIC: [8] Undefined index:  C:\wamp\www\lunblog\Application\Home\Controller\BaseController.class.php 第 86 行.
NOTIC: [8] Undefined index:  C:\wamp\www\lunblog\Application\Home\Controller\BaseController.class.php 第 87 行.
NOTIC: [8] Undefined index:  C:\wamp\www\lunblog\Application\Home\Controller\BaseController.class.php 第 88 行.
SQL: SELECT * FROM `web_article` WHERE `a_id` = null LIMIT 1   [ RunTime:0.0000s ]
SQL: SELECT * FROM `web_article` WHERE `a_id` = null LIMIT 1   [ RunTime:0.0000s ]
SQL: SELECT * FROM `web_article` WHERE `a_id` = null LIMIT 1   [ RunTime:0.0000s ]
SQL: SELECT `a_id`,`photo`,`a_title`,`a_remark`,`a_keyword`,`cate_id`,`create_time`,`last_time`,`a_content`,`a_views`,`a_type`,`a_red`,`a_from`,`a_writer`,`create_ip` FROM `web_article` WHERE ( a_views > 0 ) ORDER BY a_views desc LIMIT 12   [ RunTime:0.0000s ]
SQL: SHOW COLUMNS FROM `web_article` [ RunTime:0.0000s ]
SQL: SHOW COLUMNS FROM `web_article_cate` [ RunTime:0.0000s ]
SQL: SELECT * FROM `web_article_cate`  [ RunTime:0.0000s ]
SQL: SELECT COUNT(*) AS tp_count FROM `web_article` LIMIT 1   [ RunTime:0.0000s ]
SQL: SELECT * FROM `web_article` INNER JOIN web_article_cate ON web_article_cate.cate_id = web_article.cate_id  ORDER BY a_id desc LIMIT 0,6   [ RunTime:0.0000s ]
INFO: [ view_parse ] --START--
INFO: [ template_filter ] --START--
INFO: Run Behavior\ContentReplaceBehavior [ RunTime:0.000000s ]
INFO: [ template_filter ] --END-- [ RunTime:0.000000s ]
NOTIC: [8] Undefined variable: v C:\wamp\www\lunblog\Application\Runtime\Cache\Home\2a94b8bda04ff446dcedd42276fc99ee.php 第 168 行.
INFO: Run Behavior\ParseTemplateBehavior [ RunTime:0.062400s ]
INFO: [ view_parse ] --END-- [ RunTime:0.062400s ]
INFO: [ view_filter ] --START--
INFO: Run Behavior\WriteHtmlCacheBehavior [ RunTime:0.000000s ]
INFO: [ view_filter ] --END-- [ RunTime:0.000000s ]
INFO: [ app_end ] --START--
INFO: Run Behavior\ShowPageTraceBehavior [ RunTime:0.000000s ]
INFO: [ app_end ] --END-- [ RunTime:0.000000s ]

