[ 2016-01-24T13:05:22+08:00 ] ::1 /
INFO: [ app_init ] --START--
INFO: Run Behavior\BuildLiteBehavior [ RunTime:0.000016s ]
INFO: [ app_init ] --END-- [ RunTime:0.000522s ]
INFO: [ app_begin ] --START--
INFO: Run Behavior\ReadHtmlCacheBehavior [ RunTime:0.000687s ]
INFO: [ app_begin ] --END-- [ RunTime:0.000735s ]
ERR: 无法加载控制器:Index

[ 2016-01-24T13:05:25+08:00 ] ::1 /
INFO: [ app_init ] --START--
INFO: Run Behavior\BuildLiteBehavior [ RunTime:0.000015s ]
INFO: [ app_init ] --END-- [ RunTime:0.000417s ]
INFO: [ app_begin ] --START--
INFO: Run Behavior\ReadHtmlCacheBehavior [ RunTime:0.000646s ]
INFO: [ app_begin ] --END-- [ RunTime:0.000693s ]
ERR: 无法加载控制器:Index

[ 2016-01-24T13:05:59+08:00 ] ::1 /lunhui/index
INFO: [ app_init ] --START--
INFO: Run Behavior\BuildLiteBehavior [ RunTime:0.000014s ]
INFO: [ app_init ] --END-- [ RunTime:0.000395s ]
INFO: [ app_begin ] --START--
INFO: Run Behavior\ReadHtmlCacheBehavior [ RunTime:0.000674s ]
INFO: [ app_begin ] --END-- [ RunTime:0.000721s ]
ERR: 无法加载控制器:Index

[ 2016-01-24T13:06:59+08:00 ] ::1 /lunhui/index
INFO: [ app_init ] --START--
INFO: Run Behavior\BuildLiteBehavior [ RunTime:0.000019s ]
INFO: [ app_init ] --END-- [ RunTime:0.000562s ]
INFO: [ app_begin ] --START--
INFO: Run Behavior\ReadHtmlCacheBehavior [ RunTime:0.000886s ]
INFO: [ app_begin ] --END-- [ RunTime:0.000951s ]
ERR: 无法加载控制器:Index

[ 2016-01-24T13:07:00+08:00 ] ::1 /lunhui/index
INFO: [ app_init ] --START--
INFO: Run Behavior\BuildLiteBehavior [ RunTime:0.000018s ]
INFO: [ app_init ] --END-- [ RunTime:0.000568s ]
INFO: [ app_begin ] --START--
INFO: Run Behavior\ReadHtmlCacheBehavior [ RunTime:0.000884s ]
INFO: [ app_begin ] --END-- [ RunTime:0.000948s ]
ERR: 无法加载控制器:Index

[ 2016-01-24T13:07:03+08:00 ] ::1 /
INFO: [ app_init ] --START--
INFO: Run Behavior\BuildLiteBehavior [ RunTime:0.000012s ]
INFO: [ app_init ] --END-- [ RunTime:0.000361s ]
INFO: [ app_begin ] --START--
INFO: Run Behavior\ReadHtmlCacheBehavior [ RunTime:0.000539s ]
INFO: [ app_begin ] --END-- [ RunTime:0.000578s ]
ERR: 无法加载控制器:Index

[ 2016-01-24T13:07:11+08:00 ] ::1 /
INFO: [ app_init ] --START--
INFO: Run Behavior\BuildLiteBehavior [ RunTime:0.000021s ]
INFO: [ app_init ] --END-- [ RunTime:0.000739s ]
INFO: [ app_begin ] --START--
INFO: Run Behavior\ReadHtmlCacheBehavior [ RunTime:0.001032s ]
INFO: [ app_begin ] --END-- [ RunTime:0.001109s ]
ERR: 无法加载控制器:Index

[ 2016-01-24T13:07:12+08:00 ] ::1 /
INFO: [ app_init ] --START--
INFO: Run Behavior\BuildLiteBehavior [ RunTime:0.000025s ]
INFO: [ app_init ] --END-- [ RunTime:0.000692s ]
INFO: [ app_begin ] --START--
INFO: Run Behavior\ReadHtmlCacheBehavior [ RunTime:0.001034s ]
INFO: [ app_begin ] --END-- [ RunTime:0.001115s ]
ERR: 无法加载控制器:Index

[ 2016-01-24T13:07:12+08:00 ] ::1 /
INFO: [ app_init ] --START--
INFO: Run Behavior\BuildLiteBehavior [ RunTime:0.000014s ]
INFO: [ app_init ] --END-- [ RunTime:0.000444s ]
INFO: [ app_begin ] --START--
INFO: Run Behavior\ReadHtmlCacheBehavior [ RunTime:0.000687s ]
INFO: [ app_begin ] --END-- [ RunTime:0.000738s ]
ERR: 无法加载控制器:Index

[ 2016-01-24T13:08:57+08:00 ] ::1 /index.php/lunhui/Index/index.html
INFO: [ app_init ] --START--
INFO: Run Behavior\BuildLiteBehavior [ RunTime:0.000016s ]
INFO: [ app_init ] --END-- [ RunTime:0.000395s ]
INFO: [ app_begin ] --START--
INFO: Run Behavior\ReadHtmlCacheBehavior [ RunTime:0.000622s ]
INFO: [ app_begin ] --END-- [ RunTime:0.000670s ]
ERR: 无法加载控制器:Index

