[ 2017-03-26T21:57:42+08:00 ] ::1 /lunblog/Admin/login/index.html
INFO: [ app_init ] --START--
INFO: Run Behavior\BuildLiteBehavior [ RunTime:0.000000s ]
INFO: [ app_init ] --END-- [ RunTime:0.000000s ]
INFO: [ app_begin ] --START--
INFO: Run Behavior\ReadHtmlCacheBehavior [ RunTime:0.002000s ]
INFO: [ app_begin ] --END-- [ RunTime:0.002000s ]
NOTIC: [8192] Function eregi() is deprecated C:\wamp\www\lunblog\Application\Common\Common\function.php 第 63 行.
NOTIC: [8192] Function eregi() is deprecated C:\wamp\www\lunblog\Application\Common\Common\function.php 第 65 行.
NOTIC: [8192] Function eregi() is deprecated C:\wamp\www\lunblog\Application\Common\Common\function.php 第 67 行.
NOTIC: [8192] Function ereg() is deprecated C:\wamp\www\lunblog\Application\Common\Common\function.php 第 67 行.
NOTIC: [8192] Function eregi() is deprecated C:\wamp\www\lunblog\Application\Common\Common\function.php 第 69 行.
NOTIC: [8192] Function eregi() is deprecated C:\wamp\www\lunblog\Application\Common\Common\function.php 第 69 行.
NOTIC: [8192] Function eregi() is deprecated C:\wamp\www\lunblog\Application\Common\Common\function.php 第 71 行.
NOTIC: [8192] Function eregi() is deprecated C:\wamp\www\lunblog\Application\Common\Common\function.php 第 71 行.
NOTIC: [8192] Function eregi() is deprecated C:\wamp\www\lunblog\Application\Common\Common\function.php 第 73 行.
NOTIC: [8192] Function eregi() is deprecated C:\wamp\www\lunblog\Application\Common\Common\function.php 第 73 行.
INFO: [ view_parse ] --START--
INFO: [ template_filter ] --START--
INFO: Run Behavior\ContentReplaceBehavior [ RunTime:0.000000s ]
INFO: [ template_filter ] --END-- [ RunTime:0.001000s ]
INFO: Run Behavior\ParseTemplateBehavior [ RunTime:0.069004s ]
INFO: [ view_parse ] --END-- [ RunTime:0.069004s ]
INFO: [ view_filter ] --START--
INFO: Run Behavior\WriteHtmlCacheBehavior [ RunTime:0.001001s ]
INFO: [ view_filter ] --END-- [ RunTime:0.002001s ]
INFO: [ app_end ] --START--
INFO: Run Behavior\ShowPageTraceBehavior [ RunTime:0.001000s ]
INFO: [ app_end ] --END-- [ RunTime:0.002000s ]

[ 2017-03-26T21:57:57+08:00 ] ::1 /lunblog/Admin/Login/dologin
INFO: [ app_init ] --START--
INFO: Run Behavior\BuildLiteBehavior [ RunTime:0.000000s ]
INFO: [ app_init ] --END-- [ RunTime:0.001000s ]
INFO: [ app_begin ] --START--
INFO: Run Behavior\ReadHtmlCacheBehavior [ RunTime:0.001000s ]
INFO: [ app_begin ] --END-- [ RunTime:0.001000s ]
NOTIC: [8192] Function eregi() is deprecated C:\wamp\www\lunblog\Application\Common\Common\function.php 第 63 行.
NOTIC: [8192] Function eregi() is deprecated C:\wamp\www\lunblog\Application\Common\Common\function.php 第 65 行.
NOTIC: [8192] Function eregi() is deprecated C:\wamp\www\lunblog\Application\Common\Common\function.php 第 67 行.
NOTIC: [8192] Function ereg() is deprecated C:\wamp\www\lunblog\Application\Common\Common\function.php 第 67 行.
NOTIC: [8192] Function eregi() is deprecated C:\wamp\www\lunblog\Application\Common\Common\function.php 第 69 行.
NOTIC: [8192] Function eregi() is deprecated C:\wamp\www\lunblog\Application\Common\Common\function.php 第 69 行.
NOTIC: [8192] Function eregi() is deprecated C:\wamp\www\lunblog\Application\Common\Common\function.php 第 71 行.
NOTIC: [8192] Function eregi() is deprecated C:\wamp\www\lunblog\Application\Common\Common\function.php 第 71 行.
NOTIC: [8192] Function eregi() is deprecated C:\wamp\www\lunblog\Application\Common\Common\function.php 第 73 行.
NOTIC: [8192] Function eregi() is deprecated C:\wamp\www\lunblog\Application\Common\Common\function.php 第 73 行.
SQL: SHOW COLUMNS FROM `web_admin` [ RunTime:0.0642s ]
SQL: SELECT * FROM `web_admin` WHERE `user` = 'kaka' AND `state` = 1 LIMIT 1   [ RunTime:0.0000s ]
SQL: UPDATE `web_admin` SET `last_logintime`='1490536677',`last_loginip`='127.0.0.1' WHERE `id` = 1 [ RunTime:0.0156s ]

[ 2017-03-26T21:57:57+08:00 ] ::1 /lunblog/Admin/Index/index.html
INFO: [ app_init ] --START--
INFO: Run Behavior\BuildLiteBehavior [ RunTime:0.000000s ]
INFO: [ app_init ] --END-- [ RunTime:0.000000s ]
INFO: [ app_begin ] --START--
INFO: Run Behavior\ReadHtmlCacheBehavior [ RunTime:0.001000s ]
INFO: [ app_begin ] --END-- [ RunTime:0.001000s ]
NOTIC: [8192] Function eregi() is deprecated C:\wamp\www\lunblog\Application\Common\Common\function.php 第 63 行.
NOTIC: [8192] Function eregi() is deprecated C:\wamp\www\lunblog\Application\Common\Common\function.php 第 65 行.
NOTIC: [8192] Function eregi() is deprecated C:\wamp\www\lunblog\Application\Common\Common\function.php 第 67 行.
NOTIC: [8192] Function ereg() is deprecated C:\wamp\www\lunblog\Application\Common\Common\function.php 第 67 行.
NOTIC: [8192] Function eregi() is deprecated C:\wamp\www\lunblog\Application\Common\Common\function.php 第 69 行.
NOTIC: [8192] Function eregi() is deprecated C:\wamp\www\lunblog\Application\Common\Common\function.php 第 69 行.
NOTIC: [8192] Function eregi() is deprecated C:\wamp\www\lunblog\Application\Common\Common\function.php 第 71 行.
NOTIC: [8192] Function eregi() is deprecated C:\wamp\www\lunblog\Application\Common\Common\function.php 第 71 行.
NOTIC: [8192] Function eregi() is deprecated C:\wamp\www\lunblog\Application\Common\Common\function.php 第 73 行.
NOTIC: [8192] Function eregi() is deprecated C:\wamp\www\lunblog\Application\Common\Common\function.php 第 73 行.
SQL: SHOW COLUMNS FROM `web_role` [ RunTime:0.0650s ]
SQL: SELECT * FROM `web_role`  [ RunTime:0.0010s ]
NOTIC: [8] Undefined index: menu_list C:\wamp\www\lunblog\Application\Admin\Controller\BaseController.class.php 第 55 行.
NOTIC: [2] Invalid argument supplied for foreach() C:\wamp\www\lunblog\Application\Admin\Controller\BaseController.class.php 第 55 行.
SQL: SHOW COLUMNS FROM `web_treenode` [ RunTime:0.0370s ]
SQL: SELECT * FROM `web_treenode` WHERE `menuflag` = 1  [ RunTime:0.0090s ]
INFO: [ view_parse ] --START--
INFO: [ template_filter ] --START--
INFO: Run Behavior\ContentReplaceBehavior [ RunTime:0.000000s ]
INFO: [ template_filter ] --END-- [ RunTime:0.001000s ]
INFO: Run Behavior\ParseTemplateBehavior [ RunTime:0.131008s ]
INFO: [ view_parse ] --END-- [ RunTime:0.132008s ]
INFO: [ view_filter ] --START--
INFO: Run Behavior\WriteHtmlCacheBehavior [ RunTime:0.000000s ]
INFO: [ view_filter ] --END-- [ RunTime:0.001000s ]
INFO: [ app_end ] --START--
INFO: Run Behavior\ShowPageTraceBehavior [ RunTime:0.003000s ]
INFO: [ app_end ] --END-- [ RunTime:0.003000s ]

[ 2017-03-26T21:58:05+08:00 ] ::1 /lunblog/Admin/site/index.html
INFO: [ app_init ] --START--
INFO: Run Behavior\BuildLiteBehavior [ RunTime:0.000000s ]
INFO: [ app_init ] --END-- [ RunTime:0.000000s ]
INFO: [ app_begin ] --START--
INFO: Run Behavior\ReadHtmlCacheBehavior [ RunTime:0.001001s ]
INFO: [ app_begin ] --END-- [ RunTime:0.001001s ]
NOTIC: [8192] Function eregi() is deprecated C:\wamp\www\lunblog\Application\Common\Common\function.php 第 63 行.
NOTIC: [8192] Function eregi() is deprecated C:\wamp\www\lunblog\Application\Common\Common\function.php 第 65 行.
NOTIC: [8192] Function eregi() is deprecated C:\wamp\www\lunblog\Application\Common\Common\function.php 第 67 行.
NOTIC: [8192] Function ereg() is deprecated C:\wamp\www\lunblog\Application\Common\Common\function.php 第 67 行.
NOTIC: [8192] Function eregi() is deprecated C:\wamp\www\lunblog\Application\Common\Common\function.php 第 69 行.
NOTIC: [8192] Function eregi() is deprecated C:\wamp\www\lunblog\Application\Common\Common\function.php 第 69 行.
NOTIC: [8192] Function eregi() is deprecated C:\wamp\www\lunblog\Application\Common\Common\function.php 第 71 行.
NOTIC: [8192] Function eregi() is deprecated C:\wamp\www\lunblog\Application\Common\Common\function.php 第 71 行.
NOTIC: [8192] Function eregi() is deprecated C:\wamp\www\lunblog\Application\Common\Common\function.php 第 73 行.
NOTIC: [8192] Function eregi() is deprecated C:\wamp\www\lunblog\Application\Common\Common\function.php 第 73 行.
SQL: SHOW COLUMNS FROM `web_role` [ RunTime:0.0060s ]
SQL: SELECT * FROM `web_role`  [ RunTime:0.0000s ]
NOTIC: [8] Undefined index: menu_list C:\wamp\www\lunblog\Application\Admin\Controller\BaseController.class.php 第 55 行.
NOTIC: [2] Invalid argument supplied for foreach() C:\wamp\www\lunblog\Application\Admin\Controller\BaseController.class.php 第 55 行.
SQL: SHOW COLUMNS FROM `web_treenode` [ RunTime:0.0070s ]
SQL: SELECT * FROM `web_treenode` WHERE `menuflag` = 1  [ RunTime:0.0010s ]
INFO: [ view_parse ] --START--
INFO: [ template_filter ] --START--
INFO: Run Behavior\ContentReplaceBehavior [ RunTime:0.001000s ]
INFO: [ template_filter ] --END-- [ RunTime:0.001000s ]
INFO: Run Behavior\ParseTemplateBehavior [ RunTime:0.060004s ]
INFO: [ view_parse ] --END-- [ RunTime:0.060004s ]
INFO: [ view_filter ] --START--
INFO: Run Behavior\WriteHtmlCacheBehavior [ RunTime:0.001000s ]
INFO: [ view_filter ] --END-- [ RunTime:0.001000s ]
INFO: [ app_end ] --START--
INFO: Run Behavior\ShowPageTraceBehavior [ RunTime:0.001000s ]
INFO: [ app_end ] --END-- [ RunTime:0.001000s ]

[ 2017-03-26T21:58:17+08:00 ] ::1 /lunblog/Admin/news/index.html
INFO: [ app_init ] --START--
INFO: Run Behavior\BuildLiteBehavior [ RunTime:0.000000s ]
INFO: [ app_init ] --END-- [ RunTime:0.001000s ]
INFO: [ app_begin ] --START--
INFO: Run Behavior\ReadHtmlCacheBehavior [ RunTime:0.000000s ]
INFO: [ app_begin ] --END-- [ RunTime:0.000000s ]
NOTIC: [8192] Function eregi() is deprecated C:\wamp\www\lunblog\Application\Common\Common\function.php 第 63 行.
NOTIC: [8192] Function eregi() is deprecated C:\wamp\www\lunblog\Application\Common\Common\function.php 第 65 行.
NOTIC: [8192] Function eregi() is deprecated C:\wamp\www\lunblog\Application\Common\Common\function.php 第 67 行.
NOTIC: [8192] Function ereg() is deprecated C:\wamp\www\lunblog\Application\Common\Common\function.php 第 67 行.
NOTIC: [8192] Function eregi() is deprecated C:\wamp\www\lunblog\Application\Common\Common\function.php 第 69 行.
NOTIC: [8192] Function eregi() is deprecated C:\wamp\www\lunblog\Application\Common\Common\function.php 第 69 行.
NOTIC: [8192] Function eregi() is deprecated C:\wamp\www\lunblog\Application\Common\Common\function.php 第 71 行.
NOTIC: [8192] Function eregi() is deprecated C:\wamp\www\lunblog\Application\Common\Common\function.php 第 71 行.
NOTIC: [8192] Function eregi() is deprecated C:\wamp\www\lunblog\Application\Common\Common\function.php 第 73 行.
NOTIC: [8192] Function eregi() is deprecated C:\wamp\www\lunblog\Application\Common\Common\function.php 第 73 行.
SQL: SHOW COLUMNS FROM `web_role` [ RunTime:0.0040s ]
SQL: SELECT * FROM `web_role`  [ RunTime:0.0010s ]
NOTIC: [8] Undefined index: menu_list C:\wamp\www\lunblog\Application\Admin\Controller\BaseController.class.php 第 55 行.
NOTIC: [2] Invalid argument supplied for foreach() C:\wamp\www\lunblog\Application\Admin\Controller\BaseController.class.php 第 55 行.
SQL: SHOW COLUMNS FROM `web_treenode` [ RunTime:0.0040s ]
SQL: SELECT * FROM `web_treenode` WHERE `menuflag` = 1  [ RunTime:0.0010s ]
SQL: SHOW COLUMNS FROM `web_news` [ RunTime:0.0600s ]
SQL: SHOW COLUMNS FROM `web_newscate` [ RunTime:0.0780s ]
SQL: SELECT * FROM `web_newscate`  [ RunTime:0.0010s ]
SQL: SELECT COUNT(*) AS tp_count FROM `web_news` LIMIT 1   [ RunTime:0.0010s ]
SQL: SELECT * FROM `web_news` LIMIT 0,5   [ RunTime:0.0010s ]
INFO: [ view_parse ] --START--
INFO: [ template_filter ] --START--
INFO: Run Behavior\ContentReplaceBehavior [ RunTime:0.000000s ]
INFO: [ template_filter ] --END-- [ RunTime:0.001001s ]
NOTIC: [8] Use of undefined constant cate_id - assumed 'cate_id' C:\wamp\www\lunblog\Application\Runtime\Cache\Admin\36087655c6ab8580337cdc45b35a926d.php 第 218 行.
NOTIC: [8] Use of undefined constant id - assumed 'id' C:\wamp\www\lunblog\Application\Runtime\Cache\Admin\36087655c6ab8580337cdc45b35a926d.php 第 218 行.
NOTIC: [8] Use of undefined constant cate_id - assumed 'cate_id' C:\wamp\www\lunblog\Application\Runtime\Cache\Admin\36087655c6ab8580337cdc45b35a926d.php 第 218 行.
NOTIC: [8] Use of undefined constant id - assumed 'id' C:\wamp\www\lunblog\Application\Runtime\Cache\Admin\36087655c6ab8580337cdc45b35a926d.php 第 218 行.
NOTIC: [8] Use of undefined constant cate_id - assumed 'cate_id' C:\wamp\www\lunblog\Application\Runtime\Cache\Admin\36087655c6ab8580337cdc45b35a926d.php 第 218 行.
NOTIC: [8] Use of undefined constant id - assumed 'id' C:\wamp\www\lunblog\Application\Runtime\Cache\Admin\36087655c6ab8580337cdc45b35a926d.php 第 218 行.
NOTIC: [8] Use of undefined constant cate_id - assumed 'cate_id' C:\wamp\www\lunblog\Application\Runtime\Cache\Admin\36087655c6ab8580337cdc45b35a926d.php 第 218 行.
NOTIC: [8] Use of undefined constant id - assumed 'id' C:\wamp\www\lunblog\Application\Runtime\Cache\Admin\36087655c6ab8580337cdc45b35a926d.php 第 218 行.
INFO: Run Behavior\ParseTemplateBehavior [ RunTime:0.102005s ]
INFO: [ view_parse ] --END-- [ RunTime:0.103005s ]
INFO: [ view_filter ] --START--
INFO: Run Behavior\WriteHtmlCacheBehavior [ RunTime:0.000000s ]
INFO: [ view_filter ] --END-- [ RunTime:0.000000s ]
INFO: [ app_end ] --START--
INFO: Run Behavior\ShowPageTraceBehavior [ RunTime:0.001000s ]
INFO: [ app_end ] --END-- [ RunTime:0.001000s ]

[ 2017-03-26T21:58:18+08:00 ] ::1 /lunblog/Admin/news/newscate.html
INFO: [ app_init ] --START--
INFO: Run Behavior\BuildLiteBehavior [ RunTime:0.000000s ]
INFO: [ app_init ] --END-- [ RunTime:0.000000s ]
INFO: [ app_begin ] --START--
INFO: Run Behavior\ReadHtmlCacheBehavior [ RunTime:0.000000s ]
INFO: [ app_begin ] --END-- [ RunTime:0.000000s ]
NOTIC: [8192] Function eregi() is deprecated C:\wamp\www\lunblog\Application\Common\Common\function.php 第 63 行.
NOTIC: [8192] Function eregi() is deprecated C:\wamp\www\lunblog\Application\Common\Common\function.php 第 65 行.
NOTIC: [8192] Function eregi() is deprecated C:\wamp\www\lunblog\Application\Common\Common\function.php 第 67 行.
NOTIC: [8192] Function ereg() is deprecated C:\wamp\www\lunblog\Application\Common\Common\function.php 第 67 行.
NOTIC: [8192] Function eregi() is deprecated C:\wamp\www\lunblog\Application\Common\Common\function.php 第 69 行.
NOTIC: [8192] Function eregi() is deprecated C:\wamp\www\lunblog\Application\Common\Common\function.php 第 69 行.
NOTIC: [8192] Function eregi() is deprecated C:\wamp\www\lunblog\Application\Common\Common\function.php 第 71 行.
NOTIC: [8192] Function eregi() is deprecated C:\wamp\www\lunblog\Application\Common\Common\function.php 第 71 行.
NOTIC: [8192] Function eregi() is deprecated C:\wamp\www\lunblog\Application\Common\Common\function.php 第 73 行.
NOTIC: [8192] Function eregi() is deprecated C:\wamp\www\lunblog\Application\Common\Common\function.php 第 73 行.
SQL: SHOW COLUMNS FROM `web_role` [ RunTime:0.0030s ]
SQL: SELECT * FROM `web_role`  [ RunTime:0.0000s ]
NOTIC: [8] Undefined index: menu_list C:\wamp\www\lunblog\Application\Admin\Controller\BaseController.class.php 第 55 行.
NOTIC: [2] Invalid argument supplied for foreach() C:\wamp\www\lunblog\Application\Admin\Controller\BaseController.class.php 第 55 行.
SQL: SHOW COLUMNS FROM `web_treenode` [ RunTime:0.0030s ]
SQL: SELECT * FROM `web_treenode` WHERE `menuflag` = 1  [ RunTime:0.0010s ]
SQL: SHOW COLUMNS FROM `web_newscate` [ RunTime:0.0040s ]
SQL: SELECT COUNT(*) AS tp_count FROM `web_newscate` LIMIT 1   [ RunTime:0.0000s ]
SQL: SELECT * FROM `web_newscate` LIMIT 0,10   [ RunTime:0.0000s ]
INFO: [ view_parse ] --START--
INFO: [ template_filter ] --START--
INFO: Run Behavior\ContentReplaceBehavior [ RunTime:0.000000s ]
INFO: [ template_filter ] --END-- [ RunTime:0.000000s ]
INFO: Run Behavior\ParseTemplateBehavior [ RunTime:0.072004s ]
INFO: [ view_parse ] --END-- [ RunTime:0.072004s ]
INFO: [ view_filter ] --START--
INFO: Run Behavior\WriteHtmlCacheBehavior [ RunTime:0.000000s ]
INFO: [ view_filter ] --END-- [ RunTime:0.000000s ]
INFO: [ app_end ] --START--
INFO: Run Behavior\ShowPageTraceBehavior [ RunTime:0.001000s ]
INFO: [ app_end ] --END-- [ RunTime:0.001000s ]

[ 2017-03-26T21:58:24+08:00 ] ::1 /lunblog/Admin/advert/indextype.html
INFO: [ app_init ] --START--
INFO: Run Behavior\BuildLiteBehavior [ RunTime:0.000000s ]
INFO: [ app_init ] --END-- [ RunTime:0.001000s ]
INFO: [ app_begin ] --START--
INFO: Run Behavior\ReadHtmlCacheBehavior [ RunTime:0.001000s ]
INFO: [ app_begin ] --END-- [ RunTime:0.001000s ]
NOTIC: [8192] Function eregi() is deprecated C:\wamp\www\lunblog\Application\Common\Common\function.php 第 63 行.
NOTIC: [8192] Function eregi() is deprecated C:\wamp\www\lunblog\Application\Common\Common\function.php 第 65 行.
NOTIC: [8192] Function eregi() is deprecated C:\wamp\www\lunblog\Application\Common\Common\function.php 第 67 行.
NOTIC: [8192] Function ereg() is deprecated C:\wamp\www\lunblog\Application\Common\Common\function.php 第 67 行.
NOTIC: [8192] Function eregi() is deprecated C:\wamp\www\lunblog\Application\Common\Common\function.php 第 69 行.
NOTIC: [8192] Function eregi() is deprecated C:\wamp\www\lunblog\Application\Common\Common\function.php 第 69 行.
NOTIC: [8192] Function eregi() is deprecated C:\wamp\www\lunblog\Application\Common\Common\function.php 第 71 行.
NOTIC: [8192] Function eregi() is deprecated C:\wamp\www\lunblog\Application\Common\Common\function.php 第 71 行.
NOTIC: [8192] Function eregi() is deprecated C:\wamp\www\lunblog\Application\Common\Common\function.php 第 73 行.
NOTIC: [8192] Function eregi() is deprecated C:\wamp\www\lunblog\Application\Common\Common\function.php 第 73 行.
SQL: SHOW COLUMNS FROM `web_role` [ RunTime:0.0090s ]
SQL: SELECT * FROM `web_role`  [ RunTime:0.0000s ]
NOTIC: [8] Undefined index: menu_list C:\wamp\www\lunblog\Application\Admin\Controller\BaseController.class.php 第 55 行.
NOTIC: [2] Invalid argument supplied for foreach() C:\wamp\www\lunblog\Application\Admin\Controller\BaseController.class.php 第 55 行.
SQL: SHOW COLUMNS FROM `web_treenode` [ RunTime:0.0050s ]
SQL: SELECT * FROM `web_treenode` WHERE `menuflag` = 1  [ RunTime:0.0000s ]
SQL: SHOW COLUMNS FROM `web_adverttype` [ RunTime:0.1700s ]
SQL: SELECT COUNT(*) AS tp_count FROM `web_adverttype` LIMIT 1   [ RunTime:0.0010s ]
SQL: SELECT * FROM `web_adverttype` ORDER BY id asc LIMIT 0,10   [ RunTime:0.0010s ]
INFO: [ view_parse ] --START--
INFO: [ template_filter ] --START--
INFO: Run Behavior\ContentReplaceBehavior [ RunTime:0.001000s ]
INFO: [ template_filter ] --END-- [ RunTime:0.001000s ]
INFO: Run Behavior\ParseTemplateBehavior [ RunTime:0.060004s ]
INFO: [ view_parse ] --END-- [ RunTime:0.061004s ]
INFO: [ view_filter ] --START--
INFO: Run Behavior\WriteHtmlCacheBehavior [ RunTime:0.001000s ]
INFO: [ view_filter ] --END-- [ RunTime:0.001000s ]
INFO: [ app_end ] --START--
INFO: Run Behavior\ShowPageTraceBehavior [ RunTime:0.002000s ]
INFO: [ app_end ] --END-- [ RunTime:0.003000s ]

[ 2017-03-26T21:58:26+08:00 ] ::1 /lunblog/Admin/advert/index.html
INFO: [ app_init ] --START--
INFO: Run Behavior\BuildLiteBehavior [ RunTime:0.000000s ]
INFO: [ app_init ] --END-- [ RunTime:0.001000s ]
INFO: [ app_begin ] --START--
INFO: Run Behavior\ReadHtmlCacheBehavior [ RunTime:0.001000s ]
INFO: [ app_begin ] --END-- [ RunTime:0.001000s ]
NOTIC: [8192] Function eregi() is deprecated C:\wamp\www\lunblog\Application\Common\Common\function.php 第 63 行.
NOTIC: [8192] Function eregi() is deprecated C:\wamp\www\lunblog\Application\Common\Common\function.php 第 65 行.
NOTIC: [8192] Function eregi() is deprecated C:\wamp\www\lunblog\Application\Common\Common\function.php 第 67 行.
NOTIC: [8192] Function ereg() is deprecated C:\wamp\www\lunblog\Application\Common\Common\function.php 第 67 行.
NOTIC: [8192] Function eregi() is deprecated C:\wamp\www\lunblog\Application\Common\Common\function.php 第 69 行.
NOTIC: [8192] Function eregi() is deprecated C:\wamp\www\lunblog\Application\Common\Common\function.php 第 69 行.
NOTIC: [8192] Function eregi() is deprecated C:\wamp\www\lunblog\Application\Common\Common\function.php 第 71 行.
NOTIC: [8192] Function eregi() is deprecated C:\wamp\www\lunblog\Application\Common\Common\function.php 第 71 行.
NOTIC: [8192] Function eregi() is deprecated C:\wamp\www\lunblog\Application\Common\Common\function.php 第 73 行.
NOTIC: [8192] Function eregi() is deprecated C:\wamp\www\lunblog\Application\Common\Common\function.php 第 73 行.
SQL: SHOW COLUMNS FROM `web_role` [ RunTime:0.0040s ]
SQL: SELECT * FROM `web_role`  [ RunTime:0.0010s ]
NOTIC: [8] Undefined index: menu_list C:\wamp\www\lunblog\Application\Admin\Controller\BaseController.class.php 第 55 行.
NOTIC: [2] Invalid argument supplied for foreach() C:\wamp\www\lunblog\Application\Admin\Controller\BaseController.class.php 第 55 行.
SQL: SHOW COLUMNS FROM `web_treenode` [ RunTime:0.0040s ]
SQL: SELECT * FROM `web_treenode` WHERE `menuflag` = 1  [ RunTime:0.0010s ]
SQL: SHOW COLUMNS FROM `web_advert` [ RunTime:0.1040s ]
SQL: SHOW COLUMNS FROM `web_adverttype` [ RunTime:0.0040s ]
SQL: SELECT COUNT(*) AS tp_count FROM `web_advert` LIMIT 1   [ RunTime:0.0010s ]
SQL: SELECT * FROM `web_advert` ORDER BY id desc LIMIT 0,10   [ RunTime:0.0010s ]
SQL: SELECT * FROM `web_adverttype`  [ RunTime:0.0000s ]
INFO: [ view_parse ] --START--
INFO: [ template_filter ] --START--
INFO: Run Behavior\ContentReplaceBehavior [ RunTime:0.001000s ]
INFO: [ template_filter ] --END-- [ RunTime:0.001000s ]
INFO: Run Behavior\ParseTemplateBehavior [ RunTime:0.133008s ]
INFO: [ view_parse ] --END-- [ RunTime:0.133008s ]
INFO: [ view_filter ] --START--
INFO: Run Behavior\WriteHtmlCacheBehavior [ RunTime:0.001000s ]
INFO: [ view_filter ] --END-- [ RunTime:0.001000s ]
INFO: [ app_end ] --START--
INFO: Run Behavior\ShowPageTraceBehavior [ RunTime:0.001000s ]
INFO: [ app_end ] --END-- [ RunTime:0.001000s ]

[ 2017-03-26T21:58:50+08:00 ] ::1 /lunblog/Admin/news/index.html
INFO: [ app_init ] --START--
INFO: Run Behavior\BuildLiteBehavior [ RunTime:0.000000s ]
INFO: [ app_init ] --END-- [ RunTime:0.001000s ]
INFO: [ app_begin ] --START--
INFO: Run Behavior\ReadHtmlCacheBehavior [ RunTime:0.001000s ]
INFO: [ app_begin ] --END-- [ RunTime:0.001000s ]
NOTIC: [8192] Function eregi() is deprecated C:\wamp\www\lunblog\Application\Common\Common\function.php 第 63 行.
NOTIC: [8192] Function eregi() is deprecated C:\wamp\www\lunblog\Application\Common\Common\function.php 第 65 行.
NOTIC: [8192] Function eregi() is deprecated C:\wamp\www\lunblog\Application\Common\Common\function.php 第 67 行.
NOTIC: [8192] Function ereg() is deprecated C:\wamp\www\lunblog\Application\Common\Common\function.php 第 67 行.
NOTIC: [8192] Function eregi() is deprecated C:\wamp\www\lunblog\Application\Common\Common\function.php 第 69 行.
NOTIC: [8192] Function eregi() is deprecated C:\wamp\www\lunblog\Application\Common\Common\function.php 第 69 行.
NOTIC: [8192] Function eregi() is deprecated C:\wamp\www\lunblog\Application\Common\Common\function.php 第 71 行.
NOTIC: [8192] Function eregi() is deprecated C:\wamp\www\lunblog\Application\Common\Common\function.php 第 71 行.
NOTIC: [8192] Function eregi() is deprecated C:\wamp\www\lunblog\Application\Common\Common\function.php 第 73 行.
NOTIC: [8192] Function eregi() is deprecated C:\wamp\www\lunblog\Application\Common\Common\function.php 第 73 行.
SQL: SHOW COLUMNS FROM `web_role` [ RunTime:0.0030s ]
SQL: SELECT * FROM `web_role`  [ RunTime:0.0010s ]
NOTIC: [8] Undefined index: menu_list C:\wamp\www\lunblog\Application\Admin\Controller\BaseController.class.php 第 55 行.
NOTIC: [2] Invalid argument supplied for foreach() C:\wamp\www\lunblog\Application\Admin\Controller\BaseController.class.php 第 55 行.
SQL: SHOW COLUMNS FROM `web_treenode` [ RunTime:0.0040s ]
SQL: SELECT * FROM `web_treenode` WHERE `menuflag` = 1  [ RunTime:0.0010s ]
SQL: SHOW COLUMNS FROM `web_news` [ RunTime:0.0040s ]
SQL: SHOW COLUMNS FROM `web_newscate` [ RunTime:0.0030s ]
SQL: SELECT * FROM `web_newscate`  [ RunTime:0.0000s ]
SQL: SELECT COUNT(*) AS tp_count FROM `web_news` LIMIT 1   [ RunTime:0.0000s ]
SQL: SELECT * FROM `web_news` LIMIT 0,5   [ RunTime:0.0010s ]
INFO: [ view_parse ] --START--
INFO: [ template_filter ] --START--
INFO: Run Behavior\ContentReplaceBehavior [ RunTime:0.000000s ]
INFO: [ template_filter ] --END-- [ RunTime:0.000000s ]
NOTIC: [8] Use of undefined constant cate_id - assumed 'cate_id' C:\wamp\www\lunblog\Application\Runtime\Cache\Admin\36087655c6ab8580337cdc45b35a926d.php 第 218 行.
NOTIC: [8] Use of undefined constant id - assumed 'id' C:\wamp\www\lunblog\Application\Runtime\Cache\Admin\36087655c6ab8580337cdc45b35a926d.php 第 218 行.
NOTIC: [8] Use of undefined constant cate_id - assumed 'cate_id' C:\wamp\www\lunblog\Application\Runtime\Cache\Admin\36087655c6ab8580337cdc45b35a926d.php 第 218 行.
NOTIC: [8] Use of undefined constant id - assumed 'id' C:\wamp\www\lunblog\Application\Runtime\Cache\Admin\36087655c6ab8580337cdc45b35a926d.php 第 218 行.
NOTIC: [8] Use of undefined constant cate_id - assumed 'cate_id' C:\wamp\www\lunblog\Application\Runtime\Cache\Admin\36087655c6ab8580337cdc45b35a926d.php 第 218 行.
NOTIC: [8] Use of undefined constant id - assumed 'id' C:\wamp\www\lunblog\Application\Runtime\Cache\Admin\36087655c6ab8580337cdc45b35a926d.php 第 218 行.
NOTIC: [8] Use of undefined constant cate_id - assumed 'cate_id' C:\wamp\www\lunblog\Application\Runtime\Cache\Admin\36087655c6ab8580337cdc45b35a926d.php 第 218 行.
NOTIC: [8] Use of undefined constant id - assumed 'id' C:\wamp\www\lunblog\Application\Runtime\Cache\Admin\36087655c6ab8580337cdc45b35a926d.php 第 218 行.
INFO: Run Behavior\ParseTemplateBehavior [ RunTime:0.041002s ]
INFO: [ view_parse ] --END-- [ RunTime:0.041002s ]
INFO: [ view_filter ] --START--
INFO: Run Behavior\WriteHtmlCacheBehavior [ RunTime:0.001000s ]
INFO: [ view_filter ] --END-- [ RunTime:0.001000s ]
INFO: [ app_end ] --START--
INFO: Run Behavior\ShowPageTraceBehavior [ RunTime:0.001000s ]
INFO: [ app_end ] --END-- [ RunTime:0.002000s ]

[ 2017-03-26T21:58:52+08:00 ] ::1 /lunblog/Admin/advert/index.html
INFO: [ app_init ] --START--
INFO: Run Behavior\BuildLiteBehavior [ RunTime:0.000000s ]
INFO: [ app_init ] --END-- [ RunTime:0.001000s ]
INFO: [ app_begin ] --START--
INFO: Run Behavior\ReadHtmlCacheBehavior [ RunTime:0.000000s ]
INFO: [ app_begin ] --END-- [ RunTime:0.000000s ]
NOTIC: [8192] Function eregi() is deprecated C:\wamp\www\lunblog\Application\Common\Common\function.php 第 63 行.
NOTIC: [8192] Function eregi() is deprecated C:\wamp\www\lunblog\Application\Common\Common\function.php 第 65 行.
NOTIC: [8192] Function eregi() is deprecated C:\wamp\www\lunblog\Application\Common\Common\function.php 第 67 行.
NOTIC: [8192] Function ereg() is deprecated C:\wamp\www\lunblog\Application\Common\Common\function.php 第 67 行.
NOTIC: [8192] Function eregi() is deprecated C:\wamp\www\lunblog\Application\Common\Common\function.php 第 69 行.
NOTIC: [8192] Function eregi() is deprecated C:\wamp\www\lunblog\Application\Common\Common\function.php 第 69 行.
NOTIC: [8192] Function eregi() is deprecated C:\wamp\www\lunblog\Application\Common\Common\function.php 第 71 行.
NOTIC: [8192] Function eregi() is deprecated C:\wamp\www\lunblog\Application\Common\Common\function.php 第 71 行.
NOTIC: [8192] Function eregi() is deprecated C:\wamp\www\lunblog\Application\Common\Common\function.php 第 73 行.
NOTIC: [8192] Function eregi() is deprecated C:\wamp\www\lunblog\Application\Common\Common\function.php 第 73 行.
SQL: SHOW COLUMNS FROM `web_role` [ RunTime:0.0040s ]
SQL: SELECT * FROM `web_role`  [ RunTime:0.0010s ]
NOTIC: [8] Undefined index: menu_list C:\wamp\www\lunblog\Application\Admin\Controller\BaseController.class.php 第 55 行.
NOTIC: [2] Invalid argument supplied for foreach() C:\wamp\www\lunblog\Application\Admin\Controller\BaseController.class.php 第 55 行.
SQL: SHOW COLUMNS FROM `web_treenode` [ RunTime:0.0030s ]
SQL: SELECT * FROM `web_treenode` WHERE `menuflag` = 1  [ RunTime:0.0020s ]
SQL: SHOW COLUMNS FROM `web_advert` [ RunTime:0.0040s ]
SQL: SHOW COLUMNS FROM `web_adverttype` [ RunTime:0.0040s ]
SQL: SELECT COUNT(*) AS tp_count FROM `web_advert` LIMIT 1   [ RunTime:0.0000s ]
SQL: SELECT * FROM `web_advert` ORDER BY id desc LIMIT 0,10   [ RunTime:0.0000s ]
SQL: SELECT * FROM `web_adverttype`  [ RunTime:0.0000s ]
INFO: [ view_parse ] --START--
INFO: [ template_filter ] --START--
INFO: Run Behavior\ContentReplaceBehavior [ RunTime:0.000000s ]
INFO: [ template_filter ] --END-- [ RunTime:0.000000s ]
INFO: Run Behavior\ParseTemplateBehavior [ RunTime:0.045003s ]
INFO: [ view_parse ] --END-- [ RunTime:0.045003s ]
INFO: [ view_filter ] --START--
INFO: Run Behavior\WriteHtmlCacheBehavior [ RunTime:0.000000s ]
INFO: [ view_filter ] --END-- [ RunTime:0.001000s ]
INFO: [ app_end ] --START--
INFO: Run Behavior\ShowPageTraceBehavior [ RunTime:0.001000s ]
INFO: [ app_end ] --END-- [ RunTime:0.001000s ]

