[ 2017-03-21T22:40:37+08:00 ] ::1 /lunblog/Admin/login/index.html
INFO: [ app_init ] --START--
INFO: Run Behavior\BuildLiteBehavior [ RunTime:0.000000s ]
INFO: [ app_init ] --END-- [ RunTime:0.001000s ]
INFO: [ app_begin ] --START--
INFO: Run Behavior\ReadHtmlCacheBehavior [ RunTime:0.001000s ]
INFO: [ app_begin ] --END-- [ RunTime:0.001000s ]
NOTIC: [8192] Function eregi() is deprecated C:\wamp\www\lunblog\Application\Common\Common\function.php 第 63 行.
NOTIC: [8192] Function eregi() is deprecated C:\wamp\www\lunblog\Application\Common\Common\function.php 第 65 行.
NOTIC: [8192] Function eregi() is deprecated C:\wamp\www\lunblog\Application\Common\Common\function.php 第 67 行.
NOTIC: [8192] Function ereg() is deprecated C:\wamp\www\lunblog\Application\Common\Common\function.php 第 67 行.
NOTIC: [8192] Function eregi() is deprecated C:\wamp\www\lunblog\Application\Common\Common\function.php 第 69 行.
NOTIC: [8192] Function eregi() is deprecated C:\wamp\www\lunblog\Application\Common\Common\function.php 第 69 行.
NOTIC: [8192] Function eregi() is deprecated C:\wamp\www\lunblog\Application\Common\Common\function.php 第 71 行.
NOTIC: [8192] Function eregi() is deprecated C:\wamp\www\lunblog\Application\Common\Common\function.php 第 71 行.
NOTIC: [8192] Function eregi() is deprecated C:\wamp\www\lunblog\Application\Common\Common\function.php 第 73 行.
NOTIC: [8192] Function eregi() is deprecated C:\wamp\www\lunblog\Application\Common\Common\function.php 第 73 行.
INFO: [ view_parse ] --START--
INFO: [ template_filter ] --START--
INFO: Run Behavior\ContentReplaceBehavior [ RunTime:0.000000s ]
INFO: [ template_filter ] --END-- [ RunTime:0.000000s ]
INFO: Run Behavior\ParseTemplateBehavior [ RunTime:0.035002s ]
INFO: [ view_parse ] --END-- [ RunTime:0.035002s ]
INFO: [ view_filter ] --START--
INFO: Run Behavior\WriteHtmlCacheBehavior [ RunTime:0.001000s ]
INFO: [ view_filter ] --END-- [ RunTime:0.001000s ]
INFO: [ app_end ] --START--
INFO: Run Behavior\ShowPageTraceBehavior [ RunTime:0.001000s ]
INFO: [ app_end ] --END-- [ RunTime:0.001000s ]

[ 2017-03-21T22:41:22+08:00 ] ::1 /lunblog/Admin/Login/dologin
INFO: [ app_init ] --START--
INFO: Run Behavior\BuildLiteBehavior [ RunTime:0.000000s ]
INFO: [ app_init ] --END-- [ RunTime:0.000000s ]
INFO: [ app_begin ] --START--
INFO: Run Behavior\ReadHtmlCacheBehavior [ RunTime:0.001000s ]
INFO: [ app_begin ] --END-- [ RunTime:0.001000s ]
NOTIC: [8192] Function eregi() is deprecated C:\wamp\www\lunblog\Application\Common\Common\function.php 第 63 行.
NOTIC: [8192] Function eregi() is deprecated C:\wamp\www\lunblog\Application\Common\Common\function.php 第 65 行.
NOTIC: [8192] Function eregi() is deprecated C:\wamp\www\lunblog\Application\Common\Common\function.php 第 67 行.
NOTIC: [8192] Function ereg() is deprecated C:\wamp\www\lunblog\Application\Common\Common\function.php 第 67 行.
NOTIC: [8192] Function eregi() is deprecated C:\wamp\www\lunblog\Application\Common\Common\function.php 第 69 行.
NOTIC: [8192] Function eregi() is deprecated C:\wamp\www\lunblog\Application\Common\Common\function.php 第 69 行.
NOTIC: [8192] Function eregi() is deprecated C:\wamp\www\lunblog\Application\Common\Common\function.php 第 71 行.
NOTIC: [8192] Function eregi() is deprecated C:\wamp\www\lunblog\Application\Common\Common\function.php 第 71 行.
NOTIC: [8192] Function eregi() is deprecated C:\wamp\www\lunblog\Application\Common\Common\function.php 第 73 行.
NOTIC: [8192] Function eregi() is deprecated C:\wamp\www\lunblog\Application\Common\Common\function.php 第 73 行.
SQL: SHOW COLUMNS FROM `web_admin` [ RunTime:0.0040s ]
SQL: SELECT * FROM `web_admin` WHERE `user` = '轮回' AND `state` = 1 LIMIT 1   [ RunTime:0.0010s ]

[ 2017-03-21T22:41:44+08:00 ] ::1 /lunblog/Admin/login/index.html
INFO: [ app_init ] --START--
INFO: Run Behavior\BuildLiteBehavior [ RunTime:0.000000s ]
INFO: [ app_init ] --END-- [ RunTime:0.000000s ]
INFO: [ app_begin ] --START--
INFO: Run Behavior\ReadHtmlCacheBehavior [ RunTime:0.000000s ]
INFO: [ app_begin ] --END-- [ RunTime:0.000000s ]
NOTIC: [8192] Function eregi() is deprecated C:\wamp\www\lunblog\Application\Common\Common\function.php 第 63 行.
NOTIC: [8192] Function eregi() is deprecated C:\wamp\www\lunblog\Application\Common\Common\function.php 第 65 行.
NOTIC: [8192] Function eregi() is deprecated C:\wamp\www\lunblog\Application\Common\Common\function.php 第 67 行.
NOTIC: [8192] Function ereg() is deprecated C:\wamp\www\lunblog\Application\Common\Common\function.php 第 67 行.
NOTIC: [8192] Function eregi() is deprecated C:\wamp\www\lunblog\Application\Common\Common\function.php 第 69 行.
NOTIC: [8192] Function eregi() is deprecated C:\wamp\www\lunblog\Application\Common\Common\function.php 第 69 行.
NOTIC: [8192] Function eregi() is deprecated C:\wamp\www\lunblog\Application\Common\Common\function.php 第 71 行.
NOTIC: [8192] Function eregi() is deprecated C:\wamp\www\lunblog\Application\Common\Common\function.php 第 71 行.
NOTIC: [8192] Function eregi() is deprecated C:\wamp\www\lunblog\Application\Common\Common\function.php 第 73 行.
NOTIC: [8192] Function eregi() is deprecated C:\wamp\www\lunblog\Application\Common\Common\function.php 第 73 行.
INFO: [ view_parse ] --START--
INFO: [ template_filter ] --START--
INFO: Run Behavior\ContentReplaceBehavior [ RunTime:0.000000s ]
INFO: [ template_filter ] --END-- [ RunTime:0.000000s ]
INFO: Run Behavior\ParseTemplateBehavior [ RunTime:0.010001s ]
INFO: [ view_parse ] --END-- [ RunTime:0.010001s ]
INFO: [ view_filter ] --START--
INFO: Run Behavior\WriteHtmlCacheBehavior [ RunTime:0.001000s ]
INFO: [ view_filter ] --END-- [ RunTime:0.001000s ]
INFO: [ app_end ] --START--
INFO: Run Behavior\ShowPageTraceBehavior [ RunTime:0.001000s ]
INFO: [ app_end ] --END-- [ RunTime:0.001000s ]

[ 2017-03-21T22:50:58+08:00 ] ::1 /lunblog/Admin/Login/dologin
INFO: [ app_init ] --START--
INFO: Run Behavior\BuildLiteBehavior [ RunTime:0.000000s ]
INFO: [ app_init ] --END-- [ RunTime:0.001000s ]
INFO: [ app_begin ] --START--
INFO: Run Behavior\ReadHtmlCacheBehavior [ RunTime:0.001000s ]
INFO: [ app_begin ] --END-- [ RunTime:0.001000s ]
NOTIC: [8192] Function eregi() is deprecated C:\wamp\www\lunblog\Application\Common\Common\function.php 第 63 行.
NOTIC: [8192] Function eregi() is deprecated C:\wamp\www\lunblog\Application\Common\Common\function.php 第 65 行.
NOTIC: [8192] Function eregi() is deprecated C:\wamp\www\lunblog\Application\Common\Common\function.php 第 67 行.
NOTIC: [8192] Function ereg() is deprecated C:\wamp\www\lunblog\Application\Common\Common\function.php 第 67 行.
NOTIC: [8192] Function eregi() is deprecated C:\wamp\www\lunblog\Application\Common\Common\function.php 第 69 行.
NOTIC: [8192] Function eregi() is deprecated C:\wamp\www\lunblog\Application\Common\Common\function.php 第 69 行.
NOTIC: [8192] Function eregi() is deprecated C:\wamp\www\lunblog\Application\Common\Common\function.php 第 71 行.
NOTIC: [8192] Function eregi() is deprecated C:\wamp\www\lunblog\Application\Common\Common\function.php 第 71 行.
NOTIC: [8192] Function eregi() is deprecated C:\wamp\www\lunblog\Application\Common\Common\function.php 第 73 行.
NOTIC: [8192] Function eregi() is deprecated C:\wamp\www\lunblog\Application\Common\Common\function.php 第 73 行.
SQL: SHOW COLUMNS FROM `web_admin` [ RunTime:0.0020s ]
SQL: SELECT * FROM `web_admin` WHERE `user` = 'lunhui' AND `state` = 1 LIMIT 1   [ RunTime:0.0000s ]

[ 2017-03-21T22:51:06+08:00 ] ::1 /lunblog/Admin/Login/dologin
INFO: [ app_init ] --START--
INFO: Run Behavior\BuildLiteBehavior [ RunTime:0.000000s ]
INFO: [ app_init ] --END-- [ RunTime:0.001000s ]
INFO: [ app_begin ] --START--
INFO: Run Behavior\ReadHtmlCacheBehavior [ RunTime:0.001000s ]
INFO: [ app_begin ] --END-- [ RunTime:0.001000s ]
NOTIC: [8192] Function eregi() is deprecated C:\wamp\www\lunblog\Application\Common\Common\function.php 第 63 行.
NOTIC: [8192] Function eregi() is deprecated C:\wamp\www\lunblog\Application\Common\Common\function.php 第 65 行.
NOTIC: [8192] Function eregi() is deprecated C:\wamp\www\lunblog\Application\Common\Common\function.php 第 67 行.
NOTIC: [8192] Function ereg() is deprecated C:\wamp\www\lunblog\Application\Common\Common\function.php 第 67 行.
NOTIC: [8192] Function eregi() is deprecated C:\wamp\www\lunblog\Application\Common\Common\function.php 第 69 行.
NOTIC: [8192] Function eregi() is deprecated C:\wamp\www\lunblog\Application\Common\Common\function.php 第 69 行.
NOTIC: [8192] Function eregi() is deprecated C:\wamp\www\lunblog\Application\Common\Common\function.php 第 71 行.
NOTIC: [8192] Function eregi() is deprecated C:\wamp\www\lunblog\Application\Common\Common\function.php 第 71 行.
NOTIC: [8192] Function eregi() is deprecated C:\wamp\www\lunblog\Application\Common\Common\function.php 第 73 行.
NOTIC: [8192] Function eregi() is deprecated C:\wamp\www\lunblog\Application\Common\Common\function.php 第 73 行.
SQL: SHOW COLUMNS FROM `web_admin` [ RunTime:0.0030s ]
SQL: SELECT * FROM `web_admin` WHERE `user` = 'lunhui' AND `state` = 1 LIMIT 1   [ RunTime:0.0010s ]

[ 2017-03-21T22:52:49+08:00 ] ::1 /lunblog/Admin/Login/dologin
INFO: [ app_init ] --START--
INFO: Run Behavior\BuildLiteBehavior [ RunTime:0.000000s ]
INFO: [ app_init ] --END-- [ RunTime:0.001001s ]
INFO: [ app_begin ] --START--
INFO: Run Behavior\ReadHtmlCacheBehavior [ RunTime:0.001000s ]
INFO: [ app_begin ] --END-- [ RunTime:0.001000s ]
NOTIC: [8192] Function eregi() is deprecated C:\wamp\www\lunblog\Application\Common\Common\function.php 第 63 行.
NOTIC: [8192] Function eregi() is deprecated C:\wamp\www\lunblog\Application\Common\Common\function.php 第 65 行.
NOTIC: [8192] Function eregi() is deprecated C:\wamp\www\lunblog\Application\Common\Common\function.php 第 67 行.
NOTIC: [8192] Function ereg() is deprecated C:\wamp\www\lunblog\Application\Common\Common\function.php 第 67 行.
NOTIC: [8192] Function eregi() is deprecated C:\wamp\www\lunblog\Application\Common\Common\function.php 第 69 行.
NOTIC: [8192] Function eregi() is deprecated C:\wamp\www\lunblog\Application\Common\Common\function.php 第 69 行.
NOTIC: [8192] Function eregi() is deprecated C:\wamp\www\lunblog\Application\Common\Common\function.php 第 71 行.
NOTIC: [8192] Function eregi() is deprecated C:\wamp\www\lunblog\Application\Common\Common\function.php 第 71 行.
NOTIC: [8192] Function eregi() is deprecated C:\wamp\www\lunblog\Application\Common\Common\function.php 第 73 行.
NOTIC: [8192] Function eregi() is deprecated C:\wamp\www\lunblog\Application\Common\Common\function.php 第 73 行.
SQL: SHOW COLUMNS FROM `web_admin` [ RunTime:0.0030s ]
SQL: SELECT * FROM `web_admin` WHERE `user` = 'lunhui' AND `state` = 1 LIMIT 1   [ RunTime:0.0010s ]

[ 2017-03-21T22:52:59+08:00 ] ::1 /lunblog/Admin/Login/dologin
INFO: [ app_init ] --START--
INFO: Run Behavior\BuildLiteBehavior [ RunTime:0.000000s ]
INFO: [ app_init ] --END-- [ RunTime:0.001000s ]
INFO: [ app_begin ] --START--
INFO: Run Behavior\ReadHtmlCacheBehavior [ RunTime:0.001000s ]
INFO: [ app_begin ] --END-- [ RunTime:0.002000s ]
NOTIC: [8192] Function eregi() is deprecated C:\wamp\www\lunblog\Application\Common\Common\function.php 第 63 行.
NOTIC: [8192] Function eregi() is deprecated C:\wamp\www\lunblog\Application\Common\Common\function.php 第 65 行.
NOTIC: [8192] Function eregi() is deprecated C:\wamp\www\lunblog\Application\Common\Common\function.php 第 67 行.
NOTIC: [8192] Function ereg() is deprecated C:\wamp\www\lunblog\Application\Common\Common\function.php 第 67 行.
NOTIC: [8192] Function eregi() is deprecated C:\wamp\www\lunblog\Application\Common\Common\function.php 第 69 行.
NOTIC: [8192] Function eregi() is deprecated C:\wamp\www\lunblog\Application\Common\Common\function.php 第 69 行.
NOTIC: [8192] Function eregi() is deprecated C:\wamp\www\lunblog\Application\Common\Common\function.php 第 71 行.
NOTIC: [8192] Function eregi() is deprecated C:\wamp\www\lunblog\Application\Common\Common\function.php 第 71 行.
NOTIC: [8192] Function eregi() is deprecated C:\wamp\www\lunblog\Application\Common\Common\function.php 第 73 行.
NOTIC: [8192] Function eregi() is deprecated C:\wamp\www\lunblog\Application\Common\Common\function.php 第 73 行.
SQL: SHOW COLUMNS FROM `web_admin` [ RunTime:0.0030s ]
SQL: SELECT * FROM `web_admin` WHERE `user` = 'lunhui' AND `state` = 1 LIMIT 1   [ RunTime:0.0000s ]

